14:57:30.281 [JavaFX Application Thread] DEBUG GameApplication      - Logger initialized
14:57:30.298 [JavaFX Application Thread] DEBUG MainWindow           - Creating a JavaFX scene
14:57:30.418 [JavaFX Application Thread] DEBUG MainWindow           - Target settings size: 1050.0 x 700.0
14:57:30.418 [JavaFX Application Thread] DEBUG MainWindow           - Scaled scene size:    1050.0 x 700.0
14:57:30.419 [JavaFX Application Thread] DEBUG MainWindow           - Scaled ratio: (1.0, 1.0)
14:57:30.621 [JavaFX Application Thread] DEBUG GameApplication      - Starting FXGL
14:57:30.621 [JavaFX Application Thread] INFO  Version              - FXGL-0.4.1
14:57:30.622 [JavaFX Application Thread] INFO  Version              - Source code and latest versions at: https://github.com/AlmasB/FXGL
14:57:30.622 [JavaFX Application Thread] INFO  Version              -              Join the FXGL chat at: https://gitter.im/AlmasB/FXGL
14:57:30.702 [FXGL Launcher Thread     ] DEBUG FXGL                 - Loading FXGL system data
14:57:30.708 [FXGL Launcher Thread     ] DEBUG IOTask               - Executing task: readDataTask(system/fxgl.bundle)
14:57:30.719 [FXGL Launcher Thread     ] DEBUG FS                   - Reading from: system\fxgl.bundle
14:57:30.732 [FXGL Launcher Thread     ] DEBUG IOTask               - Task succeeded: readDataTask(system/fxgl.bundle)
14:57:30.732 [FXGL Launcher Thread     ] DEBUG Bundle               - Logging bundle: FXGL
14:57:30.733 [FXGL Launcher Thread     ] DEBUG Bundle               - FXGL.offline.timer.version.check=2018-02-06T14:04:09.293
14:57:30.734 [FXGL Launcher Thread     ] DEBUG GameApplication      - FXGL configuration complete
14:57:30.735 [FXGL Launcher Thread     ] INFO  GameApplication      - FXGL configuration took:  0,078 sec
14:57:30.736 [FXGL Launcher Thread     ] DEBUG GameApplication      - Logging game settings
Title: Basic Game 
Version: 0.0
Width: 1050
Height: 700
Fullscreen: false
Intro: false
Menus: false
Profiling: false
Single step:false
App Mode: DEVELOPER
Menu Key: ESCAPE
Stage Style: DECORATED
Scene Factory: class com.almasb.fxgl.scene.SceneFactory
Dialog Factory: class com.almasb.fxgl.ui.FXGLDialogFactory
UI Factory: class com.almasb.fxgl.ui.FXGLUIFactory
Notification Service: class com.almasb.fxgl.gameplay.notification.XboxNotificationView
Exception Handler: class com.almasb.fxgl.app.FXGLExceptionHandler
14:57:30.747 [FXGL Launcher Thread     ] DEBUG GameApplication      - Configuring GameApplication
14:57:30.753 [FXGL Launcher Thread     ] DEBUG AppStateMachine      - Initializing application states
14:57:30.766 [FXGL Launcher Thread     ] DEBUG AssetLoader          - Loading from disk: /assets/ui/cursors/fxgl_default.png
14:57:30.792 [FXGL Launcher Thread     ] DEBUG AssetLoader          - Loading from disk: /assets/ui/cursors/fxgl_default.png
14:57:30.808 [FXGL Launcher Thread     ] DEBUG AssetLoader          - Loading from disk: /assets/sounds/core/notification.wav
14:57:30.846 [FXGL Launcher Thread     ] DEBUG AssetLoader          - Loading from disk: /assets/sounds/menu/select.wav
14:57:30.848 [FXGL Launcher Thread     ] DEBUG AssetLoader          - Loading from disk: /assets/sounds/menu/back.wav
14:57:30.850 [FXGL Launcher Thread     ] DEBUG AssetLoader          - Loading from disk: /assets/sounds/menu/press.wav
14:57:30.852 [FXGL Launcher Thread     ] DEBUG AssetLoader          - Loading from disk: /assets/ui/fonts/VarelaRound-Regular.ttf
14:57:31.020 [FXGL Launcher Thread     ] DEBUG AssetLoader          - Loading from disk: /assets/ui/fonts/lucida_console.ttf
14:57:31.026 [FXGL Launcher Thread     ] DEBUG AssetLoader          - Loading from disk: /assets/ui/css/fxgl_dark.css
14:57:31.026 [FXGL Launcher Thread     ] DEBUG AssetLoader          - Loading from disk: /assets/ui/icons/fxgl_icon.png
14:57:31.052 [FXGL Launcher Thread     ] DEBUG AssetLoader          - Loading from disk: /assets/ui/cursors/fxgl_default.png
14:57:31.077 [FXGL Launcher Thread     ] DEBUG FXGL.GameScene       - Game scene initialized: 1050x700
14:57:31.082 [FXGL Launcher Thread     ] DEBUG FXGL.GameWorld       - Game world initialized
14:57:31.152 [FXGL Launcher Thread     ] DEBUG FXGL.PhysicsWorld    - Physics world initialized: appHeight=700, physics.ppm=50,0
14:57:31.177 [FXGL Launcher Thread     ] DEBUG Input                - Registered new binding: Pause - Esc
14:57:31.192 [FXGL Launcher Thread     ] INFO  GameApplication      - Game configuration took:  0,444 sec
14:57:31.195 [JavaFX Application Thread] DEBUG MainWindow           - Opening main window
14:57:31.238 [JavaFX Application Thread] DEBUG MainWindow           - Window border size: (6.0, 35.0)
14:57:31.238 [JavaFX Application Thread] DEBUG MainWindow           - Scaled size: 1050.0 x 700.0
14:57:31.238 [JavaFX Application Thread] DEBUG MainWindow           - Scaled ratio: (1.0, 1.0)
14:57:31.238 [JavaFX Application Thread] DEBUG MainWindow           - Scene size: 1050.0 x 700.0
14:57:31.239 [JavaFX Application Thread] DEBUG MainWindow           - Stage size: 1056.0 x 735.0
14:57:31.239 [JavaFX Application Thread] DEBUG GameApplication      - Running preInit()
14:57:31.241 [JavaFX Application Thread] DEBUG AnnotationParser     - Main app package name: mikkel.sorensen
14:57:31.452 [JavaFX Application Thread] DEBUG AnnotationParser     - @SetAchievementStore: []
14:57:31.454 [JavaFX Application Thread] DEBUG Input                - Registered new binding: Screenshot - P
14:57:31.455 [JavaFX Application Thread] DEBUG Input                - Registered new binding: Dev Options - CTRL+0
14:57:31.455 [JavaFX Application Thread] DEBUG Input                - Registered new binding: Left - A
14:57:31.455 [JavaFX Application Thread] DEBUG Input                - Registered new binding: Right - D
14:57:31.456 [JavaFX Application Thread] DEBUG Input                - Registered new binding: Jump - W
14:57:31.456 [JavaFX Application Thread] DEBUG Input                - Registered new binding: Stop - S
14:57:31.500 [JavaFX Application Thread] DEBUG Input                - Registered new binding: Respawn - R
14:57:31.556 [JavaFX Application Thread] DEBUG GameApplication      - Starting main loop
14:57:31.560 [JavaFX Application Thread] DEBUG StartupState         - STARTUP
14:57:31.560 [JavaFX Application Thread] DEBUG GameApplication      - Starting new game
14:57:31.560 [JavaFX Application Thread] DEBUG Input                - Clearing active input actions
14:57:31.560 [JavaFX Application Thread] DEBUG AppStateMachine      - StartupState -> LoadingState
14:57:31.602 [JavaFX Application Thread] DEBUG AnnotationParser     - Main app package name: mikkel.sorensen
14:57:31.602 [JavaFX Application Thread] DEBUG InitAppTask          - Parsing annotations
14:57:31.645 [JavaFX Application Thread] DEBUG AnnotationParser     - @AddCollisionHandler: []
14:57:31.645 [JavaFX Application Thread] DEBUG AnnotationParser     - @SetEntityFactory: [BasicGameFactory]
14:57:31.646 [JavaFX Application Thread] DEBUG AnnotationParser     - @SetEventHandler: []
14:57:31.701 [FXGL Background Thread 1 ] DEBUG InitAppTask          - Clearing previous game
14:57:31.703 [FXGL Background Thread 1 ] DEBUG FXGL.GameWorld       - Clearing game world
14:57:31.703 [FXGL Background Thread 1 ] DEBUG FXGL.PhysicsWorld    - Clearing physics world
14:57:31.703 [FXGL Background Thread 1 ] DEBUG FXGL.GameScene       - Clearing game scene
14:57:31.704 [FXGL Background Thread 1 ] DEBUG InitAppTask          - Initializing Assets
14:57:31.705 [FXGL Background Thread 1 ] DEBUG InitAppTask          - Initializing Game
14:57:31.719 [FXGL Background Thread 1 ] DEBUG AssetLoader          - Loading from disk: /assets/json/BasicGame.json
14:57:32.115 [FXGL Background Thread 1 ] DEBUG FXGL.GameWorld       - Clearing removable entities
14:57:32.115 [FXGL Background Thread 1 ] DEBUG FXGL.GameWorld       - Setting level from map
14:57:32.122 [FXGL Background Thread 1 ] DEBUG AssetLoader          - Loading from disk: /assets/textures/RPGpack_sheet_2X.png
14:57:32.295 [FXGL Background Thread 1 ] DEBUG AssetLoader          - Loading from cache: /assets/textures/RPGpack_sheet_2X.png
14:57:32.296 [FXGL Background Thread 1 ] DEBUG AssetLoader          - Loading from cache: /assets/textures/RPGpack_sheet_2X.png
14:57:32.296 [FXGL Background Thread 1 ] DEBUG AssetLoader          - Loading from cache: /assets/textures/RPGpack_sheet_2X.png
14:57:32.296 [FXGL Background Thread 1 ] DEBUG AssetLoader          - Loading from cache: /assets/textures/RPGpack_sheet_2X.png
14:57:32.297 [FXGL Background Thread 1 ] DEBUG AssetLoader          - Loading from cache: /assets/textures/RPGpack_sheet_2X.png
14:57:32.297 [FXGL Background Thread 1 ] DEBUG AssetLoader          - Loading from cache: /assets/textures/RPGpack_sheet_2X.png
14:57:32.297 [FXGL Background Thread 1 ] DEBUG AssetLoader          - Loading from cache: /assets/textures/RPGpack_sheet_2X.png
14:57:32.297 [FXGL Background Thread 1 ] DEBUG AssetLoader          - Loading from cache: /assets/textures/RPGpack_sheet_2X.png
14:57:32.298 [FXGL Background Thread 1 ] DEBUG AssetLoader          - Loading from cache: /assets/textures/RPGpack_sheet_2X.png
14:57:32.298 [FXGL Background Thread 1 ] DEBUG AssetLoader          - Loading from cache: /assets/textures/RPGpack_sheet_2X.png
14:57:32.298 [FXGL Background Thread 1 ] DEBUG AssetLoader          - Loading from cache: /assets/textures/RPGpack_sheet_2X.png
14:57:32.298 [FXGL Background Thread 1 ] DEBUG AssetLoader          - Loading from cache: /assets/textures/RPGpack_sheet_2X.png
14:57:32.299 [FXGL Background Thread 1 ] DEBUG AssetLoader          - Loading from cache: /assets/textures/RPGpack_sheet_2X.png
14:57:32.299 [FXGL Background Thread 1 ] DEBUG AssetLoader          - Loading from cache: /assets/textures/RPGpack_sheet_2X.png
14:57:32.299 [FXGL Background Thread 1 ] DEBUG AssetLoader          - Loading from cache: /assets/textures/RPGpack_sheet_2X.png
14:57:32.300 [FXGL Background Thread 1 ] DEBUG AssetLoader          - Loading from cache: /assets/textures/RPGpack_sheet_2X.png
14:57:32.300 [FXGL Background Thread 1 ] DEBUG AssetLoader          - Loading from cache: /assets/textures/RPGpack_sheet_2X.png
14:57:32.300 [FXGL Background Thread 1 ] DEBUG AssetLoader          - Loading from cache: /assets/textures/RPGpack_sheet_2X.png
14:57:32.300 [FXGL Background Thread 1 ] DEBUG AssetLoader          - Loading from cache: /assets/textures/RPGpack_sheet_2X.png
14:57:32.301 [FXGL Background Thread 1 ] DEBUG AssetLoader          - Loading from cache: /assets/textures/RPGpack_sheet_2X.png
14:57:32.301 [FXGL Background Thread 1 ] DEBUG AssetLoader          - Loading from cache: /assets/textures/RPGpack_sheet_2X.png
14:57:32.301 [FXGL Background Thread 1 ] DEBUG AssetLoader          - Loading from cache: /assets/textures/RPGpack_sheet_2X.png
14:57:32.301 [FXGL Background Thread 1 ] DEBUG AssetLoader          - Loading from cache: /assets/textures/RPGpack_sheet_2X.png
14:57:32.302 [FXGL Background Thread 1 ] DEBUG AssetLoader          - Loading from cache: /assets/textures/RPGpack_sheet_2X.png
14:57:32.302 [FXGL Background Thread 1 ] DEBUG AssetLoader          - Loading from cache: /assets/textures/RPGpack_sheet_2X.png
14:57:32.302 [FXGL Background Thread 1 ] DEBUG AssetLoader          - Loading from cache: /assets/textures/RPGpack_sheet_2X.png
14:57:32.302 [FXGL Background Thread 1 ] DEBUG AssetLoader          - Loading from cache: /assets/textures/RPGpack_sheet_2X.png
14:57:32.303 [FXGL Background Thread 1 ] DEBUG AssetLoader          - Loading from cache: /assets/textures/RPGpack_sheet_2X.png
14:57:32.303 [FXGL Background Thread 1 ] DEBUG AssetLoader          - Loading from cache: /assets/textures/RPGpack_sheet_2X.png
14:57:32.303 [FXGL Background Thread 1 ] DEBUG AssetLoader          - Loading from cache: /assets/textures/RPGpack_sheet_2X.png
14:57:32.303 [FXGL Background Thread 1 ] DEBUG AssetLoader          - Loading from cache: /assets/textures/RPGpack_sheet_2X.png
14:57:32.303 [FXGL Background Thread 1 ] DEBUG AssetLoader          - Loading from cache: /assets/textures/RPGpack_sheet_2X.png
14:57:32.306 [FXGL Background Thread 1 ] DEBUG FXGL.GameScene       - Creating render group for layer: BACKGROUND(1000)
14:57:32.358 [FXGL Background Thread 1 ] DEBUG FXGL.GameScene       - Creating render group for layer: TOP(2147483647)
14:57:32.370 [FXGL Background Thread 1 ] DEBUG AssetLoader          - Loading from disk: /assets/textures/player.png
14:57:32.372 [FXGL Background Thread 1 ] DEBUG AssetLoader          - Loading from cache: /assets/textures/player.png
14:57:32.375 [FXGL Background Thread 1 ] DEBUG AssetLoader          - Loading from disk: /assets/textures/matt.png
14:57:32.376 [FXGL Background Thread 1 ] DEBUG AssetLoader          - Loading from cache: /assets/textures/matt.png
14:57:32.380 [FXGL Background Thread 1 ] DEBUG InitAppTask          - Initializing Physics
14:57:32.382 [FXGL Background Thread 1 ] DEBUG InitAppTask          - Initializing UI
14:57:32.383 [FXGL Background Thread 1 ] DEBUG InitAppTask          - Initialization Complete
14:57:32.383 [FXGL Background Thread 1 ] INFO  InitAppTask          - Game initialization took: 0,682 sec
14:57:32.395 [JavaFX Application Thread] DEBUG Input                - Clearing active input actions
14:57:32.395 [JavaFX Application Thread] DEBUG AppStateMachine      - LoadingState -> PlayState
14:57:41.167 [JavaFX Application Thread] DEBUG AssetLoader          - Loading from disk: /assets/properties/languages/english.properties
14:57:41.170 [JavaFX Application Thread] DEBUG AppStateMachine      - Push state: DialogSubState
14:57:41.170 [JavaFX Application Thread] DEBUG Input                - Clearing active input actions
14:57:41.170 [JavaFX Application Thread] DEBUG AppStateMachine      - PlayState -> DialogSubState
14:57:43.147 [JavaFX Application Thread] DEBUG AppStateMachine      - Pop state: DialogSubState
14:57:43.147 [JavaFX Application Thread] DEBUG Input                - Clearing active input actions
14:57:43.147 [JavaFX Application Thread] DEBUG AppStateMachine      - PlayState <- DialogSubState
14:57:43.148 [JavaFX Application Thread] DEBUG AssetLoader          - Loading from disk: /assets/json/BasicGame2.json
14:57:43.155 [JavaFX Application Thread] DEBUG FXGL.GameWorld       - Clearing removable entities
14:57:43.158 [JavaFX Application Thread] DEBUG FXGL.GameWorld       - Setting level from map
14:57:43.159 [JavaFX Application Thread] DEBUG AssetLoader          - Loading from cache: /assets/textures/RPGpack_sheet_2X.png
14:57:43.159 [JavaFX Application Thread] DEBUG AssetLoader          - Loading from cache: /assets/textures/RPGpack_sheet_2X.png
14:57:43.160 [JavaFX Application Thread] DEBUG AssetLoader          - Loading from cache: /assets/textures/RPGpack_sheet_2X.png
14:57:43.160 [JavaFX Application Thread] DEBUG AssetLoader          - Loading from cache: /assets/textures/RPGpack_sheet_2X.png
14:57:43.160 [JavaFX Application Thread] DEBUG AssetLoader          - Loading from cache: /assets/textures/RPGpack_sheet_2X.png
14:57:43.161 [JavaFX Application Thread] DEBUG AssetLoader          - Loading from cache: /assets/textures/RPGpack_sheet_2X.png
14:57:43.161 [JavaFX Application Thread] DEBUG AssetLoader          - Loading from cache: /assets/textures/RPGpack_sheet_2X.png
14:57:43.161 [JavaFX Application Thread] DEBUG AssetLoader          - Loading from cache: /assets/textures/RPGpack_sheet_2X.png
14:57:43.161 [JavaFX Application Thread] DEBUG AssetLoader          - Loading from cache: /assets/textures/RPGpack_sheet_2X.png
14:57:43.161 [JavaFX Application Thread] DEBUG AssetLoader          - Loading from cache: /assets/textures/RPGpack_sheet_2X.png
14:57:43.161 [JavaFX Application Thread] DEBUG AssetLoader          - Loading from cache: /assets/textures/RPGpack_sheet_2X.png
14:57:43.161 [JavaFX Application Thread] DEBUG AssetLoader          - Loading from cache: /assets/textures/RPGpack_sheet_2X.png
14:57:43.161 [JavaFX Application Thread] DEBUG AssetLoader          - Loading from cache: /assets/textures/RPGpack_sheet_2X.png
14:57:43.162 [JavaFX Application Thread] DEBUG AssetLoader          - Loading from cache: /assets/textures/RPGpack_sheet_2X.png
14:57:43.162 [JavaFX Application Thread] DEBUG AssetLoader          - Loading from cache: /assets/textures/RPGpack_sheet_2X.png
14:57:43.162 [JavaFX Application Thread] DEBUG AssetLoader          - Loading from cache: /assets/textures/RPGpack_sheet_2X.png
14:57:43.162 [JavaFX Application Thread] DEBUG AssetLoader          - Loading from cache: /assets/textures/RPGpack_sheet_2X.png
14:57:43.162 [JavaFX Application Thread] DEBUG AssetLoader          - Loading from cache: /assets/textures/RPGpack_sheet_2X.png
14:57:43.162 [JavaFX Application Thread] DEBUG AssetLoader          - Loading from cache: /assets/textures/RPGpack_sheet_2X.png
14:57:43.162 [JavaFX Application Thread] DEBUG AssetLoader          - Loading from cache: /assets/textures/RPGpack_sheet_2X.png
14:57:43.163 [JavaFX Application Thread] DEBUG AssetLoader          - Loading from cache: /assets/textures/RPGpack_sheet_2X.png
14:57:43.163 [JavaFX Application Thread] DEBUG AssetLoader          - Loading from cache: /assets/textures/RPGpack_sheet_2X.png
14:57:43.163 [JavaFX Application Thread] DEBUG AssetLoader          - Loading from cache: /assets/textures/RPGpack_sheet_2X.png
14:57:43.163 [JavaFX Application Thread] DEBUG AssetLoader          - Loading from cache: /assets/textures/RPGpack_sheet_2X.png
14:57:43.163 [JavaFX Application Thread] DEBUG AssetLoader          - Loading from cache: /assets/textures/RPGpack_sheet_2X.png
14:57:43.163 [JavaFX Application Thread] DEBUG AssetLoader          - Loading from cache: /assets/textures/RPGpack_sheet_2X.png
14:57:43.163 [JavaFX Application Thread] DEBUG AssetLoader          - Loading from cache: /assets/textures/RPGpack_sheet_2X.png
14:57:43.163 [JavaFX Application Thread] DEBUG AssetLoader          - Loading from cache: /assets/textures/RPGpack_sheet_2X.png
14:57:43.164 [JavaFX Application Thread] DEBUG AssetLoader          - Loading from cache: /assets/textures/RPGpack_sheet_2X.png
14:57:43.164 [JavaFX Application Thread] DEBUG AssetLoader          - Loading from cache: /assets/textures/RPGpack_sheet_2X.png
14:57:43.164 [JavaFX Application Thread] DEBUG AssetLoader          - Loading from cache: /assets/textures/RPGpack_sheet_2X.png
14:57:43.164 [JavaFX Application Thread] DEBUG AssetLoader          - Loading from cache: /assets/textures/RPGpack_sheet_2X.png
14:57:43.164 [JavaFX Application Thread] DEBUG AssetLoader          - Loading from cache: /assets/textures/RPGpack_sheet_2X.png
14:57:43.164 [JavaFX Application Thread] DEBUG AssetLoader          - Loading from cache: /assets/textures/RPGpack_sheet_2X.png
14:57:43.164 [JavaFX Application Thread] DEBUG AssetLoader          - Loading from cache: /assets/textures/RPGpack_sheet_2X.png
14:57:43.164 [JavaFX Application Thread] DEBUG AssetLoader          - Loading from cache: /assets/textures/RPGpack_sheet_2X.png
14:57:43.165 [JavaFX Application Thread] DEBUG AssetLoader          - Loading from cache: /assets/textures/RPGpack_sheet_2X.png
14:57:43.165 [JavaFX Application Thread] DEBUG AssetLoader          - Loading from cache: /assets/textures/RPGpack_sheet_2X.png
14:57:43.165 [JavaFX Application Thread] DEBUG AssetLoader          - Loading from cache: /assets/textures/RPGpack_sheet_2X.png
14:57:43.165 [JavaFX Application Thread] DEBUG AssetLoader          - Loading from cache: /assets/textures/RPGpack_sheet_2X.png
14:57:43.165 [JavaFX Application Thread] DEBUG AssetLoader          - Loading from cache: /assets/textures/RPGpack_sheet_2X.png
14:57:43.165 [JavaFX Application Thread] DEBUG AssetLoader          - Loading from cache: /assets/textures/RPGpack_sheet_2X.png
14:57:43.165 [JavaFX Application Thread] DEBUG AssetLoader          - Loading from cache: /assets/textures/RPGpack_sheet_2X.png
14:57:43.165 [JavaFX Application Thread] DEBUG AssetLoader          - Loading from cache: /assets/textures/RPGpack_sheet_2X.png
14:57:43.165 [JavaFX Application Thread] DEBUG AssetLoader          - Loading from cache: /assets/textures/RPGpack_sheet_2X.png
14:57:43.166 [JavaFX Application Thread] DEBUG AssetLoader          - Loading from cache: /assets/textures/RPGpack_sheet_2X.png
14:57:43.166 [JavaFX Application Thread] DEBUG AssetLoader          - Loading from cache: /assets/textures/RPGpack_sheet_2X.png
14:57:43.166 [JavaFX Application Thread] DEBUG AssetLoader          - Loading from cache: /assets/textures/RPGpack_sheet_2X.png
14:57:43.166 [JavaFX Application Thread] DEBUG AssetLoader          - Loading from cache: /assets/textures/RPGpack_sheet_2X.png
14:57:43.166 [JavaFX Application Thread] DEBUG AssetLoader          - Loading from cache: /assets/textures/RPGpack_sheet_2X.png
14:57:43.166 [JavaFX Application Thread] DEBUG AssetLoader          - Loading from cache: /assets/textures/RPGpack_sheet_2X.png
14:57:43.166 [JavaFX Application Thread] DEBUG AssetLoader          - Loading from cache: /assets/textures/RPGpack_sheet_2X.png
14:57:43.166 [JavaFX Application Thread] DEBUG AssetLoader          - Loading from cache: /assets/textures/RPGpack_sheet_2X.png
14:57:43.166 [JavaFX Application Thread] DEBUG AssetLoader          - Loading from cache: /assets/textures/RPGpack_sheet_2X.png
14:57:43.175 [JavaFX Application Thread] DEBUG AssetLoader          - Loading from cache: /assets/textures/matt.png
14:57:43.175 [JavaFX Application Thread] DEBUG AssetLoader          - Loading from cache: /assets/textures/matt.png
14:57:43.177 [JavaFX Application Thread] DEBUG AssetLoader          - Loading from cache: /assets/textures/matt.png
14:57:43.178 [JavaFX Application Thread] DEBUG AssetLoader          - Loading from cache: /assets/textures/matt.png
14:57:53.277 [JavaFX Application Thread] DEBUG AssetLoader          - Loading from cache: /assets/properties/languages/english.properties
14:57:53.279 [JavaFX Application Thread] DEBUG AppStateMachine      - Push state: DialogSubState
14:57:53.279 [JavaFX Application Thread] DEBUG Input                - Clearing active input actions
14:57:53.279 [JavaFX Application Thread] DEBUG AppStateMachine      - PlayState -> DialogSubState
14:57:53.792 [JavaFX Application Thread] DEBUG AppStateMachine      - Pop state: DialogSubState
14:57:53.792 [JavaFX Application Thread] DEBUG Input                - Clearing active input actions
14:57:53.792 [JavaFX Application Thread] DEBUG AppStateMachine      - PlayState <- DialogSubState
14:57:53.793 [JavaFX Application Thread] DEBUG AssetLoader          - Loading from disk: /assets/json/BasicGame3.json
14:57:53.796 [JavaFX Application Thread] DEBUG FXGL.GameWorld       - Clearing removable entities
14:57:53.799 [JavaFX Application Thread] DEBUG FXGL.GameWorld       - Setting level from map
14:57:53.799 [JavaFX Application Thread] DEBUG AssetLoader          - Loading from cache: /assets/textures/RPGpack_sheet_2X.png
14:57:53.800 [JavaFX Application Thread] DEBUG AssetLoader          - Loading from cache: /assets/textures/RPGpack_sheet_2X.png
14:57:53.800 [JavaFX Application Thread] DEBUG AssetLoader          - Loading from cache: /assets/textures/RPGpack_sheet_2X.png
14:57:53.800 [JavaFX Application Thread] DEBUG AssetLoader          - Loading from cache: /assets/textures/RPGpack_sheet_2X.png
14:57:53.800 [JavaFX Application Thread] DEBUG AssetLoader          - Loading from cache: /assets/textures/RPGpack_sheet_2X.png
14:57:53.800 [JavaFX Application Thread] DEBUG AssetLoader          - Loading from cache: /assets/textures/RPGpack_sheet_2X.png
14:57:53.800 [JavaFX Application Thread] DEBUG AssetLoader          - Loading from cache: /assets/textures/RPGpack_sheet_2X.png
14:57:53.800 [JavaFX Application Thread] DEBUG AssetLoader          - Loading from cache: /assets/textures/RPGpack_sheet_2X.png
14:57:53.800 [JavaFX Application Thread] DEBUG AssetLoader          - Loading from cache: /assets/textures/RPGpack_sheet_2X.png
14:57:53.801 [JavaFX Application Thread] DEBUG AssetLoader          - Loading from cache: /assets/textures/RPGpack_sheet_2X.png
14:57:53.801 [JavaFX Application Thread] DEBUG AssetLoader          - Loading from cache: /assets/textures/RPGpack_sheet_2X.png
14:57:53.801 [JavaFX Application Thread] DEBUG AssetLoader          - Loading from cache: /assets/textures/RPGpack_sheet_2X.png
14:57:53.801 [JavaFX Application Thread] DEBUG AssetLoader          - Loading from cache: /assets/textures/RPGpack_sheet_2X.png
14:57:53.801 [JavaFX Application Thread] DEBUG AssetLoader          - Loading from cache: /assets/textures/RPGpack_sheet_2X.png
14:57:53.801 [JavaFX Application Thread] DEBUG AssetLoader          - Loading from cache: /assets/textures/RPGpack_sheet_2X.png
14:57:53.801 [JavaFX Application Thread] DEBUG AssetLoader          - Loading from cache: /assets/textures/RPGpack_sheet_2X.png
14:57:53.802 [JavaFX Application Thread] DEBUG AssetLoader          - Loading from cache: /assets/textures/RPGpack_sheet_2X.png
14:57:53.802 [JavaFX Application Thread] DEBUG AssetLoader          - Loading from cache: /assets/textures/RPGpack_sheet_2X.png
14:57:53.802 [JavaFX Application Thread] DEBUG AssetLoader          - Loading from cache: /assets/textures/RPGpack_sheet_2X.png
14:57:53.802 [JavaFX Application Thread] DEBUG AssetLoader          - Loading from cache: /assets/textures/RPGpack_sheet_2X.png
14:57:53.802 [JavaFX Application Thread] DEBUG AssetLoader          - Loading from cache: /assets/textures/RPGpack_sheet_2X.png
14:57:53.802 [JavaFX Application Thread] DEBUG AssetLoader          - Loading from cache: /assets/textures/RPGpack_sheet_2X.png
14:57:53.803 [JavaFX Application Thread] DEBUG AssetLoader          - Loading from cache: /assets/textures/RPGpack_sheet_2X.png
14:57:53.803 [JavaFX Application Thread] DEBUG AssetLoader          - Loading from cache: /assets/textures/RPGpack_sheet_2X.png
14:57:53.803 [JavaFX Application Thread] DEBUG AssetLoader          - Loading from cache: /assets/textures/RPGpack_sheet_2X.png
14:57:53.803 [JavaFX Application Thread] DEBUG AssetLoader          - Loading from cache: /assets/textures/RPGpack_sheet_2X.png
14:57:53.804 [JavaFX Application Thread] DEBUG AssetLoader          - Loading from cache: /assets/textures/RPGpack_sheet_2X.png
14:57:53.804 [JavaFX Application Thread] DEBUG AssetLoader          - Loading from cache: /assets/textures/RPGpack_sheet_2X.png
14:57:53.815 [JavaFX Application Thread] DEBUG AssetLoader          - Loading from cache: /assets/textures/matt.png
14:57:53.815 [JavaFX Application Thread] DEBUG AssetLoader          - Loading from cache: /assets/textures/matt.png
14:57:53.817 [JavaFX Application Thread] DEBUG AssetLoader          - Loading from cache: /assets/textures/matt.png
14:57:53.817 [JavaFX Application Thread] DEBUG AssetLoader          - Loading from cache: /assets/textures/matt.png
14:58:18.109 [JavaFX Application Thread] DEBUG AssetLoader          - Loading from cache: /assets/properties/languages/english.properties
14:58:18.111 [JavaFX Application Thread] DEBUG AppStateMachine      - Push state: DialogSubState
14:58:18.112 [JavaFX Application Thread] DEBUG Input                - Clearing active input actions
14:58:18.112 [JavaFX Application Thread] DEBUG AppStateMachine      - PlayState -> DialogSubState
14:58:19.656 [JavaFX Application Thread] DEBUG AppStateMachine      - Pop state: DialogSubState
14:58:19.657 [JavaFX Application Thread] DEBUG Input                - Clearing active input actions
14:58:19.657 [JavaFX Application Thread] DEBUG AppStateMachine      - PlayState <- DialogSubState
14:58:19.657 [JavaFX Application Thread] DEBUG AssetLoader          - Loading from disk: /assets/json/BasicGame4.json
14:58:19.661 [JavaFX Application Thread] DEBUG FXGL.GameWorld       - Clearing removable entities
14:58:19.663 [JavaFX Application Thread] DEBUG FXGL.GameWorld       - Setting level from map
14:58:19.668 [JavaFX Application Thread] DEBUG AssetLoader          - Loading from cache: /assets/textures/RPGpack_sheet_2X.png
14:58:19.669 [JavaFX Application Thread] DEBUG AssetLoader          - Loading from cache: /assets/textures/RPGpack_sheet_2X.png
14:58:19.669 [JavaFX Application Thread] DEBUG AssetLoader          - Loading from cache: /assets/textures/RPGpack_sheet_2X.png
14:58:19.669 [JavaFX Application Thread] DEBUG AssetLoader          - Loading from cache: /assets/textures/RPGpack_sheet_2X.png
14:58:19.669 [JavaFX Application Thread] DEBUG AssetLoader          - Loading from cache: /assets/textures/RPGpack_sheet_2X.png
14:58:19.669 [JavaFX Application Thread] DEBUG AssetLoader          - Loading from cache: /assets/textures/RPGpack_sheet_2X.png
14:58:19.669 [JavaFX Application Thread] DEBUG AssetLoader          - Loading from cache: /assets/textures/RPGpack_sheet_2X.png
14:58:19.669 [JavaFX Application Thread] DEBUG AssetLoader          - Loading from cache: /assets/textures/RPGpack_sheet_2X.png
14:58:19.669 [JavaFX Application Thread] DEBUG AssetLoader          - Loading from cache: /assets/textures/RPGpack_sheet_2X.png
14:58:19.670 [JavaFX Application Thread] DEBUG AssetLoader          - Loading from cache: /assets/textures/RPGpack_sheet_2X.png
14:58:19.670 [JavaFX Application Thread] DEBUG AssetLoader          - Loading from cache: /assets/textures/RPGpack_sheet_2X.png
14:58:19.670 [JavaFX Application Thread] DEBUG AssetLoader          - Loading from cache: /assets/textures/RPGpack_sheet_2X.png
14:58:19.670 [JavaFX Application Thread] DEBUG AssetLoader          - Loading from cache: /assets/textures/RPGpack_sheet_2X.png
14:58:19.670 [JavaFX Application Thread] DEBUG AssetLoader          - Loading from cache: /assets/textures/RPGpack_sheet_2X.png
14:58:19.670 [JavaFX Application Thread] DEBUG AssetLoader          - Loading from cache: /assets/textures/RPGpack_sheet_2X.png
14:58:19.670 [JavaFX Application Thread] DEBUG AssetLoader          - Loading from cache: /assets/textures/RPGpack_sheet_2X.png
14:58:19.670 [JavaFX Application Thread] DEBUG AssetLoader          - Loading from cache: /assets/textures/RPGpack_sheet_2X.png
14:58:19.670 [JavaFX Application Thread] DEBUG AssetLoader          - Loading from cache: /assets/textures/RPGpack_sheet_2X.png
14:58:19.670 [JavaFX Application Thread] DEBUG AssetLoader          - Loading from cache: /assets/textures/RPGpack_sheet_2X.png
14:58:19.670 [JavaFX Application Thread] DEBUG AssetLoader          - Loading from cache: /assets/textures/RPGpack_sheet_2X.png
14:58:19.671 [JavaFX Application Thread] DEBUG AssetLoader          - Loading from cache: /assets/textures/RPGpack_sheet_2X.png
14:58:19.671 [JavaFX Application Thread] DEBUG AssetLoader          - Loading from cache: /assets/textures/RPGpack_sheet_2X.png
14:58:19.671 [JavaFX Application Thread] DEBUG AssetLoader          - Loading from cache: /assets/textures/RPGpack_sheet_2X.png
14:58:19.671 [JavaFX Application Thread] DEBUG AssetLoader          - Loading from cache: /assets/textures/RPGpack_sheet_2X.png
14:58:19.671 [JavaFX Application Thread] DEBUG AssetLoader          - Loading from cache: /assets/textures/RPGpack_sheet_2X.png
14:58:19.671 [JavaFX Application Thread] DEBUG AssetLoader          - Loading from cache: /assets/textures/RPGpack_sheet_2X.png
14:58:19.671 [JavaFX Application Thread] DEBUG AssetLoader          - Loading from cache: /assets/textures/RPGpack_sheet_2X.png
14:58:19.671 [JavaFX Application Thread] DEBUG AssetLoader          - Loading from cache: /assets/textures/RPGpack_sheet_2X.png
14:58:19.671 [JavaFX Application Thread] DEBUG AssetLoader          - Loading from cache: /assets/textures/RPGpack_sheet_2X.png
14:58:19.681 [JavaFX Application Thread] DEBUG AssetLoader          - Loading from cache: /assets/textures/matt.png
14:58:19.681 [JavaFX Application Thread] DEBUG AssetLoader          - Loading from cache: /assets/textures/matt.png
14:58:19.682 [JavaFX Application Thread] DEBUG AssetLoader          - Loading from cache: /assets/textures/matt.png
14:58:19.682 [JavaFX Application Thread] DEBUG AssetLoader          - Loading from cache: /assets/textures/matt.png
14:58:19.683 [JavaFX Application Thread] DEBUG AssetLoader          - Loading from cache: /assets/textures/matt.png
14:58:19.683 [JavaFX Application Thread] DEBUG AssetLoader          - Loading from cache: /assets/textures/matt.png
14:58:19.684 [JavaFX Application Thread] DEBUG AssetLoader          - Loading from cache: /assets/textures/matt.png
14:58:19.684 [JavaFX Application Thread] DEBUG AssetLoader          - Loading from cache: /assets/textures/matt.png
14:58:38.489 [JavaFX Application Thread] DEBUG GameApplication      - Exiting game application
14:58:38.490 [JavaFX Application Thread] DEBUG GameApplication      - Shutting down background threads
14:58:38.490 [JavaFX Application Thread] DEBUG GameApplication      - Exiting FXGL
14:58:38.490 [JavaFX Application Thread] DEBUG FXGL                 - Saving FXGL system data
14:58:38.492 [JavaFX Application Thread] DEBUG IOTask               - Executing task: writeDataTask(system/fxgl.bundle)
14:58:38.495 [JavaFX Application Thread] DEBUG FS                   - Writing to: system\fxgl.bundle
14:58:38.499 [JavaFX Application Thread] DEBUG IOTask               - Task succeeded: writeDataTask(system/fxgl.bundle)
14:58:38.499 [JavaFX Application Thread] DEBUG GameApplication      - Closing logger and exiting JavaFX
