13:37:40.242 [JavaFX Application Thread] DEBUG GameApplication      - Logger initialized
13:37:40.262 [JavaFX Application Thread] DEBUG MainWindow           - Creating a JavaFX scene
13:37:40.376 [JavaFX Application Thread] DEBUG MainWindow           - Target settings size: 1050.0 x 700.0
13:37:40.376 [JavaFX Application Thread] DEBUG MainWindow           - Scaled scene size:    1050.0 x 700.0
13:37:40.376 [JavaFX Application Thread] DEBUG MainWindow           - Scaled ratio: (1.0, 1.0)
13:37:40.592 [JavaFX Application Thread] DEBUG GameApplication      - Starting FXGL
13:37:40.593 [JavaFX Application Thread] INFO  Version              - FXGL-0.4.1
13:37:40.593 [JavaFX Application Thread] INFO  Version              - Source code and latest versions at: https://github.com/AlmasB/FXGL
13:37:40.594 [JavaFX Application Thread] INFO  Version              -              Join the FXGL chat at: https://gitter.im/AlmasB/FXGL
13:37:40.670 [FXGL Launcher Thread     ] DEBUG FXGL                 - Loading FXGL system data
13:37:40.676 [FXGL Launcher Thread     ] DEBUG IOTask               - Executing task: readDataTask(system/fxgl.bundle)
13:37:40.685 [FXGL Launcher Thread     ] DEBUG FS                   - Reading from: system\fxgl.bundle
13:37:40.698 [FXGL Launcher Thread     ] DEBUG IOTask               - Task succeeded: readDataTask(system/fxgl.bundle)
13:37:40.698 [FXGL Launcher Thread     ] DEBUG Bundle               - Logging bundle: FXGL
13:37:40.699 [FXGL Launcher Thread     ] DEBUG Bundle               - FXGL.offline.timer.version.check=2018-01-29T12:35:16.330
13:37:40.700 [FXGL Launcher Thread     ] DEBUG GameApplication      - FXGL configuration complete
13:37:40.701 [FXGL Launcher Thread     ] INFO  GameApplication      - FXGL configuration took:  0,093 sec
13:37:40.702 [FXGL Launcher Thread     ] DEBUG GameApplication      - Logging game settings
Title: Untitled
Version: 0.0
Width: 1050
Height: 700
Fullscreen: false
Intro: false
Menus: false
Profiling: false
Single step:false
App Mode: DEVELOPER
Menu Key: ESCAPE
Stage Style: DECORATED
Scene Factory: class com.almasb.fxgl.scene.SceneFactory
Dialog Factory: class com.almasb.fxgl.ui.FXGLDialogFactory
UI Factory: class com.almasb.fxgl.ui.FXGLUIFactory
Notification Service: class com.almasb.fxgl.gameplay.notification.XboxNotificationView
Exception Handler: class com.almasb.fxgl.app.FXGLExceptionHandler
13:37:40.714 [FXGL Launcher Thread     ] DEBUG GameApplication      - Configuring GameApplication
13:37:40.718 [FXGL Launcher Thread     ] DEBUG AppStateMachine      - Initializing application states
13:37:40.730 [FXGL Launcher Thread     ] DEBUG AssetLoader          - Loading from disk: /assets/ui/cursors/fxgl_default.png
13:37:40.755 [FXGL Launcher Thread     ] DEBUG AssetLoader          - Loading from disk: /assets/ui/cursors/fxgl_default.png
13:37:40.769 [FXGL Launcher Thread     ] DEBUG AssetLoader          - Loading from disk: /assets/sounds/core/notification.wav
13:37:40.799 [FXGL Launcher Thread     ] DEBUG AssetLoader          - Loading from disk: /assets/sounds/menu/select.wav
13:37:40.801 [FXGL Launcher Thread     ] DEBUG AssetLoader          - Loading from disk: /assets/sounds/menu/back.wav
13:37:40.803 [FXGL Launcher Thread     ] DEBUG AssetLoader          - Loading from disk: /assets/sounds/menu/press.wav
13:37:40.805 [FXGL Launcher Thread     ] DEBUG AssetLoader          - Loading from disk: /assets/ui/fonts/VarelaRound-Regular.ttf
13:37:41.050 [FXGL Launcher Thread     ] DEBUG AssetLoader          - Loading from disk: /assets/ui/fonts/lucida_console.ttf
13:37:41.057 [FXGL Launcher Thread     ] DEBUG AssetLoader          - Loading from disk: /assets/ui/css/fxgl_dark.css
13:37:41.057 [FXGL Launcher Thread     ] DEBUG AssetLoader          - Loading from disk: /assets/ui/icons/fxgl_icon.png
13:37:41.083 [FXGL Launcher Thread     ] DEBUG AssetLoader          - Loading from disk: /assets/ui/cursors/fxgl_default.png
13:37:41.106 [FXGL Launcher Thread     ] DEBUG FXGL.GameScene       - Game scene initialized: 1050x700
13:37:41.109 [FXGL Launcher Thread     ] DEBUG FXGL.GameWorld       - Game world initialized
13:37:41.183 [FXGL Launcher Thread     ] DEBUG FXGL.PhysicsWorld    - Physics world initialized: appHeight=700, physics.ppm=50,0
13:37:41.210 [FXGL Launcher Thread     ] DEBUG Input                - Registered new binding: Pause - Esc
13:37:41.230 [FXGL Launcher Thread     ] INFO  GameApplication      - Game configuration took:  0,515 sec
13:37:41.233 [JavaFX Application Thread] DEBUG MainWindow           - Opening main window
13:37:41.282 [JavaFX Application Thread] DEBUG MainWindow           - Window border size: (6.0, 35.0)
13:37:41.282 [JavaFX Application Thread] DEBUG MainWindow           - Scaled size: 1050.0 x 700.0
13:37:41.282 [JavaFX Application Thread] DEBUG MainWindow           - Scaled ratio: (1.0, 1.0)
13:37:41.282 [JavaFX Application Thread] DEBUG MainWindow           - Scene size: 1050.0 x 700.0
13:37:41.283 [JavaFX Application Thread] DEBUG MainWindow           - Stage size: 1056.0 x 735.0
13:37:41.283 [JavaFX Application Thread] DEBUG GameApplication      - Running preInit()
13:37:41.284 [JavaFX Application Thread] DEBUG AnnotationParser     - Main app package name: NO PACKAGE
13:37:41.284 [JavaFX Application Thread] WARN  AnnotationParser     - BasicGame has no package or contains uppercase letters. Disabling annotations processing
13:37:41.293 [JavaFX Application Thread] DEBUG Input                - Registered new binding: Screenshot - P
13:37:41.293 [JavaFX Application Thread] DEBUG Input                - Registered new binding: Dev Options - CTRL+0
13:37:41.346 [JavaFX Application Thread] DEBUG GameApplication      - Starting main loop
13:37:41.350 [JavaFX Application Thread] DEBUG StartupState         - STARTUP
13:37:41.351 [JavaFX Application Thread] DEBUG GameApplication      - Starting new game
13:37:41.351 [JavaFX Application Thread] DEBUG Input                - Clearing active input actions
13:37:41.351 [JavaFX Application Thread] DEBUG AppStateMachine      - StartupState -> LoadingState
13:37:41.401 [JavaFX Application Thread] DEBUG AnnotationParser     - Main app package name: NO PACKAGE
13:37:41.402 [JavaFX Application Thread] WARN  AnnotationParser     - BasicGame has no package or contains uppercase letters. Disabling annotations processing
13:37:41.402 [JavaFX Application Thread] DEBUG InitAppTask          - Parsing annotations
13:37:41.422 [FXGL Background Thread 1 ] DEBUG InitAppTask          - Clearing previous game
13:37:41.422 [FXGL Background Thread 1 ] DEBUG FXGL.GameWorld       - Clearing game world
13:37:41.423 [FXGL Background Thread 1 ] DEBUG FXGL.PhysicsWorld    - Clearing physics world
13:37:41.423 [FXGL Background Thread 1 ] DEBUG FXGL.GameScene       - Clearing game scene
13:37:41.424 [FXGL Background Thread 1 ] DEBUG InitAppTask          - Initializing Assets
13:37:41.425 [FXGL Background Thread 1 ] DEBUG InitAppTask          - Initializing Game
13:37:41.432 [FXGL Background Thread 1 ] DEBUG AssetLoader          - Loading from disk: /assets/json/BasicGame.json
13:37:41.535 [JavaFX Application Thread] FATAL GameApplication      - Uncaught Exception:
13:37:41.536 [JavaFX Application Thread] FATAL GameApplication      - 

Exception occurred: java.lang.IllegalArgumentException : Asset "/assets/json/BasicGame.json" was not found!
E: com.almasb.fxgl.asset.AssetLoader.getURL(AssetLoader.kt:519)
E: com.almasb.fxgl.asset.AssetLoader.getStream(AssetLoader.kt:537)
E: com.almasb.fxgl.asset.AssetLoader.loadJSON(AssetLoader.kt:334)
E: com.almasb.fxgl.entity.GameWorld.setLevelFromMap(GameWorld.java:272)
E: BasicGame.initGame(BasicGame.java:17)
E: com.almasb.fxgl.app.LoadingState$InitAppTask.initGame(AppStates.kt:200)
E: com.almasb.fxgl.app.LoadingState$InitAppTask.call(AppStates.kt:160)
E: com.almasb.fxgl.app.LoadingState$InitAppTask.call(AppStates.kt:132)
E: javafx.concurrent.Task$TaskCallable.call(Task.java:1423)
E: java.util.concurrent.FutureTask.run(FutureTask.java:266)
E: java.util.concurrent.Executors$RunnableAdapter.call(Executors.java:511)
E: java.util.concurrent.FutureTask.run(FutureTask.java:266)
E: java.util.concurrent.ThreadPoolExecutor.runWorker(ThreadPoolExecutor.java:1149)
E: java.util.concurrent.ThreadPoolExecutor$Worker.run(ThreadPoolExecutor.java:624)
E: java.lang.Thread.run(Thread.java:748)

13:37:41.536 [JavaFX Application Thread] FATAL GameApplication      - Application will now exit
13:37:41.536 [JavaFX Application Thread] DEBUG GameApplication      - Stopping main loop
13:38:50.072 [JavaFX Application Thread] DEBUG GameApplication      - Exiting game application
13:38:50.075 [JavaFX Application Thread] DEBUG GameApplication      - Shutting down background threads
13:38:50.075 [JavaFX Application Thread] DEBUG GameApplication      - Exiting FXGL
13:38:50.075 [JavaFX Application Thread] DEBUG FXGL                 - Saving FXGL system data
13:38:50.076 [JavaFX Application Thread] DEBUG IOTask               - Executing task: writeDataTask(system/fxgl.bundle)
13:38:50.079 [JavaFX Application Thread] DEBUG FS                   - Writing to: system\fxgl.bundle
13:38:50.083 [JavaFX Application Thread] DEBUG IOTask               - Task succeeded: writeDataTask(system/fxgl.bundle)
13:38:50.084 [JavaFX Application Thread] DEBUG GameApplication      - Closing logger and exiting JavaFX
