15:28:49.840 [JavaFX Application Thread] DEBUG GameApplication      - Logger initialized
15:28:49.860 [JavaFX Application Thread] DEBUG MainWindow           - Creating a JavaFX scene
15:28:49.988 [JavaFX Application Thread] DEBUG MainWindow           - Target settings size: 1050.0 x 700.0
15:28:49.988 [JavaFX Application Thread] DEBUG MainWindow           - Scaled scene size:    1050.0 x 700.0
15:28:49.988 [JavaFX Application Thread] DEBUG MainWindow           - Scaled ratio: (1.0, 1.0)
15:28:50.181 [JavaFX Application Thread] DEBUG GameApplication      - Starting FXGL
15:28:50.181 [JavaFX Application Thread] INFO  Version              - FXGL-0.4.1
15:28:50.181 [JavaFX Application Thread] INFO  Version              - Source code and latest versions at: https://github.com/AlmasB/FXGL
15:28:50.182 [JavaFX Application Thread] INFO  Version              -              Join the FXGL chat at: https://gitter.im/AlmasB/FXGL
15:28:50.242 [FXGL Launcher Thread     ] DEBUG FXGL                 - Loading FXGL system data
15:28:50.249 [FXGL Launcher Thread     ] DEBUG IOTask               - Executing task: readDataTask(system/fxgl.bundle)
15:28:50.258 [FXGL Launcher Thread     ] DEBUG FS                   - Reading from: system\fxgl.bundle
15:28:50.269 [FXGL Launcher Thread     ] DEBUG IOTask               - Task succeeded: readDataTask(system/fxgl.bundle)
15:28:50.270 [FXGL Launcher Thread     ] DEBUG Bundle               - Logging bundle: FXGL
15:28:50.271 [FXGL Launcher Thread     ] DEBUG Bundle               - FXGL.offline.timer.version.check=2018-02-06T14:04:09.293
15:28:50.272 [FXGL Launcher Thread     ] DEBUG GameApplication      - FXGL configuration complete
15:28:50.273 [FXGL Launcher Thread     ] INFO  GameApplication      - FXGL configuration took:  0,080 sec
15:28:50.274 [FXGL Launcher Thread     ] DEBUG GameApplication      - Logging game settings
Title: Basic Game 
Version: 0.0
Width: 1050
Height: 700
Fullscreen: false
Intro: false
Menus: false
Profiling: false
Single step:false
App Mode: DEVELOPER
Menu Key: ESCAPE
Stage Style: DECORATED
Scene Factory: class com.almasb.fxgl.scene.SceneFactory
Dialog Factory: class com.almasb.fxgl.ui.FXGLDialogFactory
UI Factory: class com.almasb.fxgl.ui.FXGLUIFactory
Notification Service: class com.almasb.fxgl.gameplay.notification.XboxNotificationView
Exception Handler: class com.almasb.fxgl.app.FXGLExceptionHandler
15:28:50.280 [FXGL Launcher Thread     ] DEBUG GameApplication      - Configuring GameApplication
15:28:50.285 [FXGL Launcher Thread     ] DEBUG AppStateMachine      - Initializing application states
15:28:50.299 [FXGL Launcher Thread     ] DEBUG AssetLoader          - Loading from disk: /assets/ui/cursors/fxgl_default.png
15:28:50.331 [FXGL Launcher Thread     ] DEBUG AssetLoader          - Loading from disk: /assets/ui/cursors/fxgl_default.png
15:28:50.344 [FXGL Launcher Thread     ] DEBUG AssetLoader          - Loading from disk: /assets/sounds/core/notification.wav
15:28:50.391 [FXGL Launcher Thread     ] DEBUG AssetLoader          - Loading from disk: /assets/sounds/menu/select.wav
15:28:50.393 [FXGL Launcher Thread     ] DEBUG AssetLoader          - Loading from disk: /assets/sounds/menu/back.wav
15:28:50.395 [FXGL Launcher Thread     ] DEBUG AssetLoader          - Loading from disk: /assets/sounds/menu/press.wav
15:28:50.398 [FXGL Launcher Thread     ] DEBUG AssetLoader          - Loading from disk: /assets/ui/fonts/VarelaRound-Regular.ttf
15:28:50.592 [FXGL Launcher Thread     ] DEBUG AssetLoader          - Loading from disk: /assets/ui/fonts/lucida_console.ttf
15:28:50.597 [FXGL Launcher Thread     ] DEBUG AssetLoader          - Loading from disk: /assets/ui/css/fxgl_dark.css
15:28:50.598 [FXGL Launcher Thread     ] DEBUG AssetLoader          - Loading from disk: /assets/ui/icons/fxgl_icon.png
15:28:50.623 [FXGL Launcher Thread     ] DEBUG AssetLoader          - Loading from disk: /assets/ui/cursors/fxgl_default.png
15:28:50.646 [FXGL Launcher Thread     ] DEBUG FXGL.GameScene       - Game scene initialized: 1050x700
15:28:50.649 [FXGL Launcher Thread     ] DEBUG FXGL.GameWorld       - Game world initialized
15:28:50.723 [FXGL Launcher Thread     ] DEBUG FXGL.PhysicsWorld    - Physics world initialized: appHeight=700, physics.ppm=50,0
15:28:50.747 [FXGL Launcher Thread     ] DEBUG Input                - Registered new binding: Pause - Esc
15:28:50.765 [FXGL Launcher Thread     ] INFO  GameApplication      - Game configuration took:  0,485 sec
15:28:50.771 [JavaFX Application Thread] DEBUG MainWindow           - Opening main window
15:28:50.841 [JavaFX Application Thread] DEBUG MainWindow           - Window border size: (6.0, 35.0)
15:28:50.842 [JavaFX Application Thread] DEBUG MainWindow           - Scaled size: 1050.0 x 700.0
15:28:50.842 [JavaFX Application Thread] DEBUG MainWindow           - Scaled ratio: (1.0, 1.0)
15:28:50.842 [JavaFX Application Thread] DEBUG MainWindow           - Scene size: 1050.0 x 700.0
15:28:50.842 [JavaFX Application Thread] DEBUG MainWindow           - Stage size: 1056.0 x 735.0
15:28:50.842 [JavaFX Application Thread] DEBUG GameApplication      - Running preInit()
15:28:50.845 [JavaFX Application Thread] DEBUG AnnotationParser     - Main app package name: mikkel.sorensen
15:28:51.099 [JavaFX Application Thread] DEBUG AnnotationParser     - @SetAchievementStore: []
15:28:51.101 [JavaFX Application Thread] DEBUG Input                - Registered new binding: Screenshot - P
15:28:51.102 [JavaFX Application Thread] DEBUG Input                - Registered new binding: Dev Options - CTRL+0
15:28:51.103 [JavaFX Application Thread] DEBUG Input                - Registered new binding: Left - A
15:28:51.104 [JavaFX Application Thread] DEBUG Input                - Registered new binding: Right - D
15:28:51.104 [JavaFX Application Thread] DEBUG Input                - Registered new binding: Jump - W
15:28:51.104 [JavaFX Application Thread] DEBUG Input                - Registered new binding: Stop - S
15:28:51.142 [JavaFX Application Thread] DEBUG Input                - Registered new binding: Respawn - R
15:28:51.200 [JavaFX Application Thread] DEBUG GameApplication      - Starting main loop
15:28:51.204 [JavaFX Application Thread] DEBUG StartupState         - STARTUP
15:28:51.205 [JavaFX Application Thread] DEBUG GameApplication      - Starting new game
15:28:51.205 [JavaFX Application Thread] DEBUG Input                - Clearing active input actions
15:28:51.205 [JavaFX Application Thread] DEBUG AppStateMachine      - StartupState -> LoadingState
15:28:51.247 [JavaFX Application Thread] DEBUG AnnotationParser     - Main app package name: mikkel.sorensen
15:28:51.248 [JavaFX Application Thread] DEBUG InitAppTask          - Parsing annotations
15:28:51.378 [JavaFX Application Thread] DEBUG AnnotationParser     - @SetEventHandler: []
15:28:51.379 [JavaFX Application Thread] DEBUG AnnotationParser     - @AddCollisionHandler: []
15:28:51.379 [JavaFX Application Thread] DEBUG AnnotationParser     - @SetEntityFactory: [BasicGameFactory]
15:28:51.388 [FXGL Background Thread 1 ] DEBUG InitAppTask          - Clearing previous game
15:28:51.388 [FXGL Background Thread 1 ] DEBUG FXGL.GameWorld       - Clearing game world
15:28:51.388 [FXGL Background Thread 1 ] DEBUG FXGL.PhysicsWorld    - Clearing physics world
15:28:51.388 [FXGL Background Thread 1 ] DEBUG FXGL.GameScene       - Clearing game scene
15:28:51.389 [FXGL Background Thread 1 ] DEBUG InitAppTask          - Initializing Assets
15:28:51.390 [FXGL Background Thread 1 ] DEBUG InitAppTask          - Initializing Game
15:28:51.406 [FXGL Background Thread 1 ] DEBUG AssetLoader          - Loading from disk: /assets/json/BasicGame.json
15:28:51.790 [FXGL Background Thread 1 ] DEBUG FXGL.GameWorld       - Clearing removable entities
15:28:51.790 [FXGL Background Thread 1 ] DEBUG FXGL.GameWorld       - Setting level from map
15:28:51.798 [FXGL Background Thread 1 ] DEBUG AssetLoader          - Loading from disk: /assets/textures/RPGpack_sheet_2X.png
15:28:51.971 [FXGL Background Thread 1 ] DEBUG AssetLoader          - Loading from cache: /assets/textures/RPGpack_sheet_2X.png
15:28:51.971 [FXGL Background Thread 1 ] DEBUG AssetLoader          - Loading from cache: /assets/textures/RPGpack_sheet_2X.png
15:28:51.972 [FXGL Background Thread 1 ] DEBUG AssetLoader          - Loading from cache: /assets/textures/RPGpack_sheet_2X.png
15:28:51.972 [FXGL Background Thread 1 ] DEBUG AssetLoader          - Loading from cache: /assets/textures/RPGpack_sheet_2X.png
15:28:51.972 [FXGL Background Thread 1 ] DEBUG AssetLoader          - Loading from cache: /assets/textures/RPGpack_sheet_2X.png
15:28:51.972 [FXGL Background Thread 1 ] DEBUG AssetLoader          - Loading from cache: /assets/textures/RPGpack_sheet_2X.png
15:28:51.972 [FXGL Background Thread 1 ] DEBUG AssetLoader          - Loading from cache: /assets/textures/RPGpack_sheet_2X.png
15:28:51.973 [FXGL Background Thread 1 ] DEBUG AssetLoader          - Loading from cache: /assets/textures/RPGpack_sheet_2X.png
15:28:51.973 [FXGL Background Thread 1 ] DEBUG AssetLoader          - Loading from cache: /assets/textures/RPGpack_sheet_2X.png
15:28:51.973 [FXGL Background Thread 1 ] DEBUG AssetLoader          - Loading from cache: /assets/textures/RPGpack_sheet_2X.png
15:28:51.973 [FXGL Background Thread 1 ] DEBUG AssetLoader          - Loading from cache: /assets/textures/RPGpack_sheet_2X.png
15:28:51.973 [FXGL Background Thread 1 ] DEBUG AssetLoader          - Loading from cache: /assets/textures/RPGpack_sheet_2X.png
15:28:51.973 [FXGL Background Thread 1 ] DEBUG AssetLoader          - Loading from cache: /assets/textures/RPGpack_sheet_2X.png
15:28:51.973 [FXGL Background Thread 1 ] DEBUG AssetLoader          - Loading from cache: /assets/textures/RPGpack_sheet_2X.png
15:28:51.974 [FXGL Background Thread 1 ] DEBUG AssetLoader          - Loading from cache: /assets/textures/RPGpack_sheet_2X.png
15:28:51.974 [FXGL Background Thread 1 ] DEBUG AssetLoader          - Loading from cache: /assets/textures/RPGpack_sheet_2X.png
15:28:51.974 [FXGL Background Thread 1 ] DEBUG AssetLoader          - Loading from cache: /assets/textures/RPGpack_sheet_2X.png
15:28:51.974 [FXGL Background Thread 1 ] DEBUG AssetLoader          - Loading from cache: /assets/textures/RPGpack_sheet_2X.png
15:28:51.974 [FXGL Background Thread 1 ] DEBUG AssetLoader          - Loading from cache: /assets/textures/RPGpack_sheet_2X.png
15:28:51.974 [FXGL Background Thread 1 ] DEBUG AssetLoader          - Loading from cache: /assets/textures/RPGpack_sheet_2X.png
15:28:51.974 [FXGL Background Thread 1 ] DEBUG AssetLoader          - Loading from cache: /assets/textures/RPGpack_sheet_2X.png
15:28:51.975 [FXGL Background Thread 1 ] DEBUG AssetLoader          - Loading from cache: /assets/textures/RPGpack_sheet_2X.png
15:28:51.975 [FXGL Background Thread 1 ] DEBUG AssetLoader          - Loading from cache: /assets/textures/RPGpack_sheet_2X.png
15:28:51.975 [FXGL Background Thread 1 ] DEBUG AssetLoader          - Loading from cache: /assets/textures/RPGpack_sheet_2X.png
15:28:51.975 [FXGL Background Thread 1 ] DEBUG AssetLoader          - Loading from cache: /assets/textures/RPGpack_sheet_2X.png
15:28:51.976 [FXGL Background Thread 1 ] DEBUG AssetLoader          - Loading from cache: /assets/textures/RPGpack_sheet_2X.png
15:28:51.976 [FXGL Background Thread 1 ] DEBUG AssetLoader          - Loading from cache: /assets/textures/RPGpack_sheet_2X.png
15:28:51.976 [FXGL Background Thread 1 ] DEBUG AssetLoader          - Loading from cache: /assets/textures/RPGpack_sheet_2X.png
15:28:51.976 [FXGL Background Thread 1 ] DEBUG AssetLoader          - Loading from cache: /assets/textures/RPGpack_sheet_2X.png
15:28:51.977 [FXGL Background Thread 1 ] DEBUG AssetLoader          - Loading from cache: /assets/textures/RPGpack_sheet_2X.png
15:28:51.977 [FXGL Background Thread 1 ] DEBUG AssetLoader          - Loading from cache: /assets/textures/RPGpack_sheet_2X.png
15:28:51.977 [FXGL Background Thread 1 ] DEBUG AssetLoader          - Loading from cache: /assets/textures/RPGpack_sheet_2X.png
15:28:51.980 [FXGL Background Thread 1 ] DEBUG FXGL.GameScene       - Creating render group for layer: BACKGROUND(1000)
15:28:52.037 [FXGL Background Thread 1 ] DEBUG FXGL.GameScene       - Creating render group for layer: TOP(2147483647)
15:28:52.048 [FXGL Background Thread 1 ] DEBUG AssetLoader          - Loading from disk: /assets/textures/player.png
15:28:52.051 [FXGL Background Thread 1 ] DEBUG AssetLoader          - Loading from cache: /assets/textures/player.png
15:28:52.054 [FXGL Background Thread 1 ] DEBUG AssetLoader          - Loading from disk: /assets/textures/matt.png
15:28:52.055 [FXGL Background Thread 1 ] DEBUG AssetLoader          - Loading from cache: /assets/textures/matt.png
15:28:52.057 [FXGL Background Thread 1 ] DEBUG AssetLoader          - Loading from disk: /assets/textures/john.png
15:28:52.058 [FXGL Background Thread 1 ] DEBUG AssetLoader          - Loading from cache: /assets/textures/john.png
15:28:52.058 [FXGL Background Thread 1 ] DEBUG InitAppTask          - Initializing Physics
15:28:52.061 [FXGL Background Thread 1 ] DEBUG InitAppTask          - Initializing UI
15:28:52.062 [FXGL Background Thread 1 ] DEBUG InitAppTask          - Initialization Complete
15:28:52.063 [FXGL Background Thread 1 ] INFO  InitAppTask          - Game initialization took: 0,675 sec
15:28:52.065 [JavaFX Application Thread] DEBUG Input                - Clearing active input actions
15:28:52.065 [JavaFX Application Thread] DEBUG AppStateMachine      - LoadingState -> PlayState
15:29:04.469 [JavaFX Application Thread] DEBUG GameApplication      - Exiting game application
15:29:04.470 [JavaFX Application Thread] DEBUG GameApplication      - Shutting down background threads
15:29:04.470 [JavaFX Application Thread] DEBUG GameApplication      - Exiting FXGL
15:29:04.470 [JavaFX Application Thread] DEBUG FXGL                 - Saving FXGL system data
15:29:04.472 [JavaFX Application Thread] DEBUG IOTask               - Executing task: writeDataTask(system/fxgl.bundle)
15:29:04.475 [JavaFX Application Thread] DEBUG FS                   - Writing to: system\fxgl.bundle
15:29:04.479 [JavaFX Application Thread] DEBUG IOTask               - Task succeeded: writeDataTask(system/fxgl.bundle)
15:29:04.479 [JavaFX Application Thread] DEBUG GameApplication      - Closing logger and exiting JavaFX
