15:02:03.403 [JavaFX Application Thread] DEBUG GameApplication      - Logger initialized
15:02:03.423 [JavaFX Application Thread] DEBUG MainWindow           - Creating a JavaFX scene
15:02:03.547 [JavaFX Application Thread] DEBUG MainWindow           - Target settings size: 1050.0 x 700.0
15:02:03.547 [JavaFX Application Thread] DEBUG MainWindow           - Scaled scene size:    1050.0 x 700.0
15:02:03.547 [JavaFX Application Thread] DEBUG MainWindow           - Scaled ratio: (1.0, 1.0)
15:02:03.744 [JavaFX Application Thread] DEBUG GameApplication      - Starting FXGL
15:02:03.745 [JavaFX Application Thread] INFO  Version              - FXGL-0.4.1
15:02:03.745 [JavaFX Application Thread] INFO  Version              - Source code and latest versions at: https://github.com/AlmasB/FXGL
15:02:03.745 [JavaFX Application Thread] INFO  Version              -              Join the FXGL chat at: https://gitter.im/AlmasB/FXGL
15:02:03.830 [FXGL Launcher Thread     ] DEBUG FXGL                 - Loading FXGL system data
15:02:03.836 [FXGL Launcher Thread     ] DEBUG IOTask               - Executing task: readDataTask(system/fxgl.bundle)
15:02:03.844 [FXGL Launcher Thread     ] DEBUG FS                   - Reading from: system\fxgl.bundle
15:02:03.858 [FXGL Launcher Thread     ] DEBUG IOTask               - Task succeeded: readDataTask(system/fxgl.bundle)
15:02:03.858 [FXGL Launcher Thread     ] DEBUG Bundle               - Logging bundle: FXGL
15:02:03.859 [FXGL Launcher Thread     ] DEBUG Bundle               - FXGL.offline.timer.version.check=2018-02-06T14:04:09.293
15:02:03.860 [FXGL Launcher Thread     ] DEBUG GameApplication      - FXGL configuration complete
15:02:03.861 [FXGL Launcher Thread     ] INFO  GameApplication      - FXGL configuration took:  0,082 sec
15:02:03.861 [FXGL Launcher Thread     ] DEBUG GameApplication      - Logging game settings
Title: Basic Game 
Version: 0.0
Width: 1050
Height: 700
Fullscreen: false
Intro: false
Menus: false
Profiling: false
Single step:false
App Mode: DEVELOPER
Menu Key: ESCAPE
Stage Style: DECORATED
Scene Factory: class com.almasb.fxgl.scene.SceneFactory
Dialog Factory: class com.almasb.fxgl.ui.FXGLDialogFactory
UI Factory: class com.almasb.fxgl.ui.FXGLUIFactory
Notification Service: class com.almasb.fxgl.gameplay.notification.XboxNotificationView
Exception Handler: class com.almasb.fxgl.app.FXGLExceptionHandler
15:02:03.870 [FXGL Launcher Thread     ] DEBUG GameApplication      - Configuring GameApplication
15:02:03.874 [FXGL Launcher Thread     ] DEBUG AppStateMachine      - Initializing application states
15:02:03.887 [FXGL Launcher Thread     ] DEBUG AssetLoader          - Loading from disk: /assets/ui/cursors/fxgl_default.png
15:02:03.914 [FXGL Launcher Thread     ] DEBUG AssetLoader          - Loading from disk: /assets/ui/cursors/fxgl_default.png
15:02:03.927 [FXGL Launcher Thread     ] DEBUG AssetLoader          - Loading from disk: /assets/sounds/core/notification.wav
15:02:03.958 [FXGL Launcher Thread     ] DEBUG AssetLoader          - Loading from disk: /assets/sounds/menu/select.wav
15:02:03.960 [FXGL Launcher Thread     ] DEBUG AssetLoader          - Loading from disk: /assets/sounds/menu/back.wav
15:02:03.961 [FXGL Launcher Thread     ] DEBUG AssetLoader          - Loading from disk: /assets/sounds/menu/press.wav
15:02:03.965 [FXGL Launcher Thread     ] DEBUG AssetLoader          - Loading from disk: /assets/ui/fonts/VarelaRound-Regular.ttf
15:02:04.135 [FXGL Launcher Thread     ] DEBUG AssetLoader          - Loading from disk: /assets/ui/fonts/lucida_console.ttf
15:02:04.141 [FXGL Launcher Thread     ] DEBUG AssetLoader          - Loading from disk: /assets/ui/css/fxgl_dark.css
15:02:04.141 [FXGL Launcher Thread     ] DEBUG AssetLoader          - Loading from disk: /assets/ui/icons/fxgl_icon.png
15:02:04.167 [FXGL Launcher Thread     ] DEBUG AssetLoader          - Loading from disk: /assets/ui/cursors/fxgl_default.png
15:02:04.192 [FXGL Launcher Thread     ] DEBUG FXGL.GameScene       - Game scene initialized: 1050x700
15:02:04.196 [FXGL Launcher Thread     ] DEBUG FXGL.GameWorld       - Game world initialized
15:02:04.278 [FXGL Launcher Thread     ] DEBUG FXGL.PhysicsWorld    - Physics world initialized: appHeight=700, physics.ppm=50,0
15:02:04.299 [FXGL Launcher Thread     ] DEBUG Input                - Registered new binding: Pause - Esc
15:02:04.317 [FXGL Launcher Thread     ] INFO  GameApplication      - Game configuration took:  0,446 sec
15:02:04.320 [JavaFX Application Thread] DEBUG MainWindow           - Opening main window
15:02:04.377 [JavaFX Application Thread] DEBUG MainWindow           - Window border size: (6.0, 35.0)
15:02:04.377 [JavaFX Application Thread] DEBUG MainWindow           - Scaled size: 1050.0 x 700.0
15:02:04.377 [JavaFX Application Thread] DEBUG MainWindow           - Scaled ratio: (1.0, 1.0)
15:02:04.378 [JavaFX Application Thread] DEBUG MainWindow           - Scene size: 1050.0 x 700.0
15:02:04.378 [JavaFX Application Thread] DEBUG MainWindow           - Stage size: 1056.0 x 735.0
15:02:04.378 [JavaFX Application Thread] DEBUG GameApplication      - Running preInit()
15:02:04.380 [JavaFX Application Thread] DEBUG AnnotationParser     - Main app package name: mikkel.sorensen
15:02:04.598 [JavaFX Application Thread] DEBUG AnnotationParser     - @SetAchievementStore: []
15:02:04.599 [JavaFX Application Thread] DEBUG Input                - Registered new binding: Screenshot - P
15:02:04.600 [JavaFX Application Thread] DEBUG Input                - Registered new binding: Dev Options - CTRL+0
15:02:04.601 [JavaFX Application Thread] DEBUG Input                - Registered new binding: Left - A
15:02:04.601 [JavaFX Application Thread] DEBUG Input                - Registered new binding: Right - D
15:02:04.602 [JavaFX Application Thread] DEBUG Input                - Registered new binding: Jump - W
15:02:04.604 [JavaFX Application Thread] DEBUG Input                - Registered new binding: Stop - S
15:02:04.645 [JavaFX Application Thread] DEBUG Input                - Registered new binding: Respawn - R
15:02:04.701 [JavaFX Application Thread] DEBUG GameApplication      - Starting main loop
15:02:04.704 [JavaFX Application Thread] DEBUG StartupState         - STARTUP
15:02:04.704 [JavaFX Application Thread] DEBUG GameApplication      - Starting new game
15:02:04.704 [JavaFX Application Thread] DEBUG Input                - Clearing active input actions
15:02:04.705 [JavaFX Application Thread] DEBUG AppStateMachine      - StartupState -> LoadingState
15:02:04.745 [JavaFX Application Thread] DEBUG AnnotationParser     - Main app package name: mikkel.sorensen
15:02:04.745 [JavaFX Application Thread] DEBUG InitAppTask          - Parsing annotations
15:02:04.831 [JavaFX Application Thread] DEBUG AnnotationParser     - @SetEventHandler: []
15:02:04.831 [JavaFX Application Thread] DEBUG AnnotationParser     - @AddCollisionHandler: []
15:02:04.831 [JavaFX Application Thread] DEBUG AnnotationParser     - @SetEntityFactory: [BasicGameFactory]
15:02:04.844 [FXGL Background Thread 1 ] DEBUG InitAppTask          - Clearing previous game
15:02:04.844 [FXGL Background Thread 1 ] DEBUG FXGL.GameWorld       - Clearing game world
15:02:04.844 [FXGL Background Thread 1 ] DEBUG FXGL.PhysicsWorld    - Clearing physics world
15:02:04.844 [FXGL Background Thread 1 ] DEBUG FXGL.GameScene       - Clearing game scene
15:02:04.845 [FXGL Background Thread 1 ] DEBUG InitAppTask          - Initializing Assets
15:02:04.846 [FXGL Background Thread 1 ] DEBUG InitAppTask          - Initializing Game
15:02:04.861 [FXGL Background Thread 1 ] DEBUG AssetLoader          - Loading from disk: /assets/json/BasicGame.json
15:02:05.222 [FXGL Background Thread 1 ] DEBUG FXGL.GameWorld       - Clearing removable entities
15:02:05.222 [FXGL Background Thread 1 ] DEBUG FXGL.GameWorld       - Setting level from map
15:02:05.229 [FXGL Background Thread 1 ] DEBUG AssetLoader          - Loading from disk: /assets/textures/RPGpack_sheet_2X.png
15:02:05.381 [FXGL Background Thread 1 ] DEBUG AssetLoader          - Loading from cache: /assets/textures/RPGpack_sheet_2X.png
15:02:05.382 [FXGL Background Thread 1 ] DEBUG AssetLoader          - Loading from cache: /assets/textures/RPGpack_sheet_2X.png
15:02:05.382 [FXGL Background Thread 1 ] DEBUG AssetLoader          - Loading from cache: /assets/textures/RPGpack_sheet_2X.png
15:02:05.382 [FXGL Background Thread 1 ] DEBUG AssetLoader          - Loading from cache: /assets/textures/RPGpack_sheet_2X.png
15:02:05.382 [FXGL Background Thread 1 ] DEBUG AssetLoader          - Loading from cache: /assets/textures/RPGpack_sheet_2X.png
15:02:05.382 [FXGL Background Thread 1 ] DEBUG AssetLoader          - Loading from cache: /assets/textures/RPGpack_sheet_2X.png
15:02:05.382 [FXGL Background Thread 1 ] DEBUG AssetLoader          - Loading from cache: /assets/textures/RPGpack_sheet_2X.png
15:02:05.382 [FXGL Background Thread 1 ] DEBUG AssetLoader          - Loading from cache: /assets/textures/RPGpack_sheet_2X.png
15:02:05.383 [FXGL Background Thread 1 ] DEBUG AssetLoader          - Loading from cache: /assets/textures/RPGpack_sheet_2X.png
15:02:05.384 [FXGL Background Thread 1 ] DEBUG AssetLoader          - Loading from cache: /assets/textures/RPGpack_sheet_2X.png
15:02:05.384 [FXGL Background Thread 1 ] DEBUG AssetLoader          - Loading from cache: /assets/textures/RPGpack_sheet_2X.png
15:02:05.384 [FXGL Background Thread 1 ] DEBUG AssetLoader          - Loading from cache: /assets/textures/RPGpack_sheet_2X.png
15:02:05.385 [FXGL Background Thread 1 ] DEBUG AssetLoader          - Loading from cache: /assets/textures/RPGpack_sheet_2X.png
15:02:05.385 [FXGL Background Thread 1 ] DEBUG AssetLoader          - Loading from cache: /assets/textures/RPGpack_sheet_2X.png
15:02:05.385 [FXGL Background Thread 1 ] DEBUG AssetLoader          - Loading from cache: /assets/textures/RPGpack_sheet_2X.png
15:02:05.385 [FXGL Background Thread 1 ] DEBUG AssetLoader          - Loading from cache: /assets/textures/RPGpack_sheet_2X.png
15:02:05.385 [FXGL Background Thread 1 ] DEBUG AssetLoader          - Loading from cache: /assets/textures/RPGpack_sheet_2X.png
15:02:05.386 [FXGL Background Thread 1 ] DEBUG AssetLoader          - Loading from cache: /assets/textures/RPGpack_sheet_2X.png
15:02:05.386 [FXGL Background Thread 1 ] DEBUG AssetLoader          - Loading from cache: /assets/textures/RPGpack_sheet_2X.png
15:02:05.386 [FXGL Background Thread 1 ] DEBUG AssetLoader          - Loading from cache: /assets/textures/RPGpack_sheet_2X.png
15:02:05.386 [FXGL Background Thread 1 ] DEBUG AssetLoader          - Loading from cache: /assets/textures/RPGpack_sheet_2X.png
15:02:05.386 [FXGL Background Thread 1 ] DEBUG AssetLoader          - Loading from cache: /assets/textures/RPGpack_sheet_2X.png
15:02:05.386 [FXGL Background Thread 1 ] DEBUG AssetLoader          - Loading from cache: /assets/textures/RPGpack_sheet_2X.png
15:02:05.386 [FXGL Background Thread 1 ] DEBUG AssetLoader          - Loading from cache: /assets/textures/RPGpack_sheet_2X.png
15:02:05.386 [FXGL Background Thread 1 ] DEBUG AssetLoader          - Loading from cache: /assets/textures/RPGpack_sheet_2X.png
15:02:05.387 [FXGL Background Thread 1 ] DEBUG AssetLoader          - Loading from cache: /assets/textures/RPGpack_sheet_2X.png
15:02:05.387 [FXGL Background Thread 1 ] DEBUG AssetLoader          - Loading from cache: /assets/textures/RPGpack_sheet_2X.png
15:02:05.387 [FXGL Background Thread 1 ] DEBUG AssetLoader          - Loading from cache: /assets/textures/RPGpack_sheet_2X.png
15:02:05.387 [FXGL Background Thread 1 ] DEBUG AssetLoader          - Loading from cache: /assets/textures/RPGpack_sheet_2X.png
15:02:05.387 [FXGL Background Thread 1 ] DEBUG AssetLoader          - Loading from cache: /assets/textures/RPGpack_sheet_2X.png
15:02:05.387 [FXGL Background Thread 1 ] DEBUG AssetLoader          - Loading from cache: /assets/textures/RPGpack_sheet_2X.png
15:02:05.387 [FXGL Background Thread 1 ] DEBUG AssetLoader          - Loading from cache: /assets/textures/RPGpack_sheet_2X.png
15:02:05.389 [FXGL Background Thread 1 ] DEBUG FXGL.GameScene       - Creating render group for layer: BACKGROUND(1000)
15:02:05.437 [FXGL Background Thread 1 ] DEBUG FXGL.GameScene       - Creating render group for layer: TOP(2147483647)
15:02:05.448 [FXGL Background Thread 1 ] DEBUG AssetLoader          - Loading from disk: /assets/textures/player.png
15:02:05.451 [FXGL Background Thread 1 ] DEBUG AssetLoader          - Loading from cache: /assets/textures/player.png
15:02:05.454 [FXGL Background Thread 1 ] DEBUG AssetLoader          - Loading from disk: /assets/textures/matt.png
15:02:05.456 [FXGL Background Thread 1 ] DEBUG AssetLoader          - Loading from cache: /assets/textures/matt.png
15:02:05.459 [FXGL Background Thread 1 ] DEBUG InitAppTask          - Initializing Physics
15:02:05.461 [FXGL Background Thread 1 ] DEBUG InitAppTask          - Initializing UI
15:02:05.462 [FXGL Background Thread 1 ] DEBUG InitAppTask          - Initialization Complete
15:02:05.462 [FXGL Background Thread 1 ] INFO  InitAppTask          - Game initialization took: 0,618 sec
15:02:05.465 [JavaFX Application Thread] DEBUG Input                - Clearing active input actions
15:02:05.465 [JavaFX Application Thread] DEBUG AppStateMachine      - LoadingState -> PlayState
15:02:13.378 [JavaFX Application Thread] DEBUG AssetLoader          - Loading from disk: /assets/properties/languages/english.properties
15:02:13.384 [JavaFX Application Thread] DEBUG AppStateMachine      - Push state: DialogSubState
15:02:13.384 [JavaFX Application Thread] DEBUG Input                - Clearing active input actions
15:02:13.384 [JavaFX Application Thread] DEBUG AppStateMachine      - PlayState -> DialogSubState
15:02:15.534 [JavaFX Application Thread] DEBUG AppStateMachine      - Pop state: DialogSubState
15:02:15.534 [JavaFX Application Thread] DEBUG Input                - Clearing active input actions
15:02:15.534 [JavaFX Application Thread] DEBUG AppStateMachine      - PlayState <- DialogSubState
15:02:15.535 [JavaFX Application Thread] DEBUG AssetLoader          - Loading from disk: /assets/json/BasicGame2.json
15:02:15.543 [JavaFX Application Thread] DEBUG FXGL.GameWorld       - Clearing removable entities
15:02:15.546 [JavaFX Application Thread] DEBUG FXGL.GameWorld       - Setting level from map
15:02:15.547 [JavaFX Application Thread] DEBUG AssetLoader          - Loading from cache: /assets/textures/RPGpack_sheet_2X.png
15:02:15.548 [JavaFX Application Thread] DEBUG AssetLoader          - Loading from cache: /assets/textures/RPGpack_sheet_2X.png
15:02:15.548 [JavaFX Application Thread] DEBUG AssetLoader          - Loading from cache: /assets/textures/RPGpack_sheet_2X.png
15:02:15.549 [JavaFX Application Thread] DEBUG AssetLoader          - Loading from cache: /assets/textures/RPGpack_sheet_2X.png
15:02:15.549 [JavaFX Application Thread] DEBUG AssetLoader          - Loading from cache: /assets/textures/RPGpack_sheet_2X.png
15:02:15.550 [JavaFX Application Thread] DEBUG AssetLoader          - Loading from cache: /assets/textures/RPGpack_sheet_2X.png
15:02:15.550 [JavaFX Application Thread] DEBUG AssetLoader          - Loading from cache: /assets/textures/RPGpack_sheet_2X.png
15:02:15.550 [JavaFX Application Thread] DEBUG AssetLoader          - Loading from cache: /assets/textures/RPGpack_sheet_2X.png
15:02:15.550 [JavaFX Application Thread] DEBUG AssetLoader          - Loading from cache: /assets/textures/RPGpack_sheet_2X.png
15:02:15.550 [JavaFX Application Thread] DEBUG AssetLoader          - Loading from cache: /assets/textures/RPGpack_sheet_2X.png
15:02:15.551 [JavaFX Application Thread] DEBUG AssetLoader          - Loading from cache: /assets/textures/RPGpack_sheet_2X.png
15:02:15.551 [JavaFX Application Thread] DEBUG AssetLoader          - Loading from cache: /assets/textures/RPGpack_sheet_2X.png
15:02:15.551 [JavaFX Application Thread] DEBUG AssetLoader          - Loading from cache: /assets/textures/RPGpack_sheet_2X.png
15:02:15.551 [JavaFX Application Thread] DEBUG AssetLoader          - Loading from cache: /assets/textures/RPGpack_sheet_2X.png
15:02:15.552 [JavaFX Application Thread] DEBUG AssetLoader          - Loading from cache: /assets/textures/RPGpack_sheet_2X.png
15:02:15.553 [JavaFX Application Thread] DEBUG AssetLoader          - Loading from cache: /assets/textures/RPGpack_sheet_2X.png
15:02:15.553 [JavaFX Application Thread] DEBUG AssetLoader          - Loading from cache: /assets/textures/RPGpack_sheet_2X.png
15:02:15.553 [JavaFX Application Thread] DEBUG AssetLoader          - Loading from cache: /assets/textures/RPGpack_sheet_2X.png
15:02:15.553 [JavaFX Application Thread] DEBUG AssetLoader          - Loading from cache: /assets/textures/RPGpack_sheet_2X.png
15:02:15.553 [JavaFX Application Thread] DEBUG AssetLoader          - Loading from cache: /assets/textures/RPGpack_sheet_2X.png
15:02:15.554 [JavaFX Application Thread] DEBUG AssetLoader          - Loading from cache: /assets/textures/RPGpack_sheet_2X.png
15:02:15.554 [JavaFX Application Thread] DEBUG AssetLoader          - Loading from cache: /assets/textures/RPGpack_sheet_2X.png
15:02:15.554 [JavaFX Application Thread] DEBUG AssetLoader          - Loading from cache: /assets/textures/RPGpack_sheet_2X.png
15:02:15.554 [JavaFX Application Thread] DEBUG AssetLoader          - Loading from cache: /assets/textures/RPGpack_sheet_2X.png
15:02:15.554 [JavaFX Application Thread] DEBUG AssetLoader          - Loading from cache: /assets/textures/RPGpack_sheet_2X.png
15:02:15.554 [JavaFX Application Thread] DEBUG AssetLoader          - Loading from cache: /assets/textures/RPGpack_sheet_2X.png
15:02:15.555 [JavaFX Application Thread] DEBUG AssetLoader          - Loading from cache: /assets/textures/RPGpack_sheet_2X.png
15:02:15.555 [JavaFX Application Thread] DEBUG AssetLoader          - Loading from cache: /assets/textures/RPGpack_sheet_2X.png
15:02:15.555 [JavaFX Application Thread] DEBUG AssetLoader          - Loading from cache: /assets/textures/RPGpack_sheet_2X.png
15:02:15.555 [JavaFX Application Thread] DEBUG AssetLoader          - Loading from cache: /assets/textures/RPGpack_sheet_2X.png
15:02:15.555 [JavaFX Application Thread] DEBUG AssetLoader          - Loading from cache: /assets/textures/RPGpack_sheet_2X.png
15:02:15.555 [JavaFX Application Thread] DEBUG AssetLoader          - Loading from cache: /assets/textures/RPGpack_sheet_2X.png
15:02:15.556 [JavaFX Application Thread] DEBUG AssetLoader          - Loading from cache: /assets/textures/RPGpack_sheet_2X.png
15:02:15.556 [JavaFX Application Thread] DEBUG AssetLoader          - Loading from cache: /assets/textures/RPGpack_sheet_2X.png
15:02:15.556 [JavaFX Application Thread] DEBUG AssetLoader          - Loading from cache: /assets/textures/RPGpack_sheet_2X.png
15:02:15.556 [JavaFX Application Thread] DEBUG AssetLoader          - Loading from cache: /assets/textures/RPGpack_sheet_2X.png
15:02:15.556 [JavaFX Application Thread] DEBUG AssetLoader          - Loading from cache: /assets/textures/RPGpack_sheet_2X.png
15:02:15.556 [JavaFX Application Thread] DEBUG AssetLoader          - Loading from cache: /assets/textures/RPGpack_sheet_2X.png
15:02:15.556 [JavaFX Application Thread] DEBUG AssetLoader          - Loading from cache: /assets/textures/RPGpack_sheet_2X.png
15:02:15.557 [JavaFX Application Thread] DEBUG AssetLoader          - Loading from cache: /assets/textures/RPGpack_sheet_2X.png
15:02:15.557 [JavaFX Application Thread] DEBUG AssetLoader          - Loading from cache: /assets/textures/RPGpack_sheet_2X.png
15:02:15.557 [JavaFX Application Thread] DEBUG AssetLoader          - Loading from cache: /assets/textures/RPGpack_sheet_2X.png
15:02:15.557 [JavaFX Application Thread] DEBUG AssetLoader          - Loading from cache: /assets/textures/RPGpack_sheet_2X.png
15:02:15.557 [JavaFX Application Thread] DEBUG AssetLoader          - Loading from cache: /assets/textures/RPGpack_sheet_2X.png
15:02:15.558 [JavaFX Application Thread] DEBUG AssetLoader          - Loading from cache: /assets/textures/RPGpack_sheet_2X.png
15:02:15.558 [JavaFX Application Thread] DEBUG AssetLoader          - Loading from cache: /assets/textures/RPGpack_sheet_2X.png
15:02:15.558 [JavaFX Application Thread] DEBUG AssetLoader          - Loading from cache: /assets/textures/RPGpack_sheet_2X.png
15:02:15.558 [JavaFX Application Thread] DEBUG AssetLoader          - Loading from cache: /assets/textures/RPGpack_sheet_2X.png
15:02:15.558 [JavaFX Application Thread] DEBUG AssetLoader          - Loading from cache: /assets/textures/RPGpack_sheet_2X.png
15:02:15.559 [JavaFX Application Thread] DEBUG AssetLoader          - Loading from cache: /assets/textures/RPGpack_sheet_2X.png
15:02:15.559 [JavaFX Application Thread] DEBUG AssetLoader          - Loading from cache: /assets/textures/RPGpack_sheet_2X.png
15:02:15.559 [JavaFX Application Thread] DEBUG AssetLoader          - Loading from cache: /assets/textures/RPGpack_sheet_2X.png
15:02:15.559 [JavaFX Application Thread] DEBUG AssetLoader          - Loading from cache: /assets/textures/RPGpack_sheet_2X.png
15:02:15.559 [JavaFX Application Thread] DEBUG AssetLoader          - Loading from cache: /assets/textures/RPGpack_sheet_2X.png
15:02:15.571 [JavaFX Application Thread] DEBUG AssetLoader          - Loading from cache: /assets/textures/matt.png
15:02:15.572 [JavaFX Application Thread] DEBUG AssetLoader          - Loading from cache: /assets/textures/matt.png
15:02:15.573 [JavaFX Application Thread] DEBUG AssetLoader          - Loading from cache: /assets/textures/matt.png
15:02:15.573 [JavaFX Application Thread] DEBUG AssetLoader          - Loading from cache: /assets/textures/matt.png
15:02:22.090 [JavaFX Application Thread] DEBUG AssetLoader          - Loading from cache: /assets/properties/languages/english.properties
15:02:22.090 [JavaFX Application Thread] DEBUG AppStateMachine      - Push state: DialogSubState
15:02:22.090 [JavaFX Application Thread] DEBUG Input                - Clearing active input actions
15:02:22.090 [JavaFX Application Thread] DEBUG AppStateMachine      - PlayState -> DialogSubState
15:02:23.744 [JavaFX Application Thread] DEBUG AppStateMachine      - Pop state: DialogSubState
15:02:23.745 [JavaFX Application Thread] DEBUG Input                - Clearing active input actions
15:02:23.745 [JavaFX Application Thread] DEBUG AppStateMachine      - PlayState <- DialogSubState
15:02:33.962 [JavaFX Application Thread] DEBUG AssetLoader          - Loading from cache: /assets/properties/languages/english.properties
15:02:33.963 [JavaFX Application Thread] DEBUG AppStateMachine      - Push state: DialogSubState
15:02:33.963 [JavaFX Application Thread] DEBUG Input                - Clearing active input actions
15:02:33.964 [JavaFX Application Thread] DEBUG AppStateMachine      - PlayState -> DialogSubState
15:02:34.721 [JavaFX Application Thread] DEBUG AppStateMachine      - Pop state: DialogSubState
15:02:34.721 [JavaFX Application Thread] DEBUG Input                - Clearing active input actions
15:02:34.721 [JavaFX Application Thread] DEBUG AppStateMachine      - PlayState <- DialogSubState
15:02:34.721 [JavaFX Application Thread] DEBUG AssetLoader          - Loading from disk: /assets/json/BasicGame3.json
15:02:34.724 [JavaFX Application Thread] DEBUG FXGL.GameWorld       - Clearing removable entities
15:02:34.727 [JavaFX Application Thread] DEBUG FXGL.GameWorld       - Setting level from map
15:02:34.728 [JavaFX Application Thread] DEBUG AssetLoader          - Loading from cache: /assets/textures/RPGpack_sheet_2X.png
15:02:34.728 [JavaFX Application Thread] DEBUG AssetLoader          - Loading from cache: /assets/textures/RPGpack_sheet_2X.png
15:02:34.728 [JavaFX Application Thread] DEBUG AssetLoader          - Loading from cache: /assets/textures/RPGpack_sheet_2X.png
15:02:34.728 [JavaFX Application Thread] DEBUG AssetLoader          - Loading from cache: /assets/textures/RPGpack_sheet_2X.png
15:02:34.729 [JavaFX Application Thread] DEBUG AssetLoader          - Loading from cache: /assets/textures/RPGpack_sheet_2X.png
15:02:34.729 [JavaFX Application Thread] DEBUG AssetLoader          - Loading from cache: /assets/textures/RPGpack_sheet_2X.png
15:02:34.729 [JavaFX Application Thread] DEBUG AssetLoader          - Loading from cache: /assets/textures/RPGpack_sheet_2X.png
15:02:34.729 [JavaFX Application Thread] DEBUG AssetLoader          - Loading from cache: /assets/textures/RPGpack_sheet_2X.png
15:02:34.729 [JavaFX Application Thread] DEBUG AssetLoader          - Loading from cache: /assets/textures/RPGpack_sheet_2X.png
15:02:34.729 [JavaFX Application Thread] DEBUG AssetLoader          - Loading from cache: /assets/textures/RPGpack_sheet_2X.png
15:02:34.729 [JavaFX Application Thread] DEBUG AssetLoader          - Loading from cache: /assets/textures/RPGpack_sheet_2X.png
15:02:34.730 [JavaFX Application Thread] DEBUG AssetLoader          - Loading from cache: /assets/textures/RPGpack_sheet_2X.png
15:02:34.730 [JavaFX Application Thread] DEBUG AssetLoader          - Loading from cache: /assets/textures/RPGpack_sheet_2X.png
15:02:34.730 [JavaFX Application Thread] DEBUG AssetLoader          - Loading from cache: /assets/textures/RPGpack_sheet_2X.png
15:02:34.730 [JavaFX Application Thread] DEBUG AssetLoader          - Loading from cache: /assets/textures/RPGpack_sheet_2X.png
15:02:34.730 [JavaFX Application Thread] DEBUG AssetLoader          - Loading from cache: /assets/textures/RPGpack_sheet_2X.png
15:02:34.730 [JavaFX Application Thread] DEBUG AssetLoader          - Loading from cache: /assets/textures/RPGpack_sheet_2X.png
15:02:34.730 [JavaFX Application Thread] DEBUG AssetLoader          - Loading from cache: /assets/textures/RPGpack_sheet_2X.png
15:02:34.730 [JavaFX Application Thread] DEBUG AssetLoader          - Loading from cache: /assets/textures/RPGpack_sheet_2X.png
15:02:34.731 [JavaFX Application Thread] DEBUG AssetLoader          - Loading from cache: /assets/textures/RPGpack_sheet_2X.png
15:02:34.731 [JavaFX Application Thread] DEBUG AssetLoader          - Loading from cache: /assets/textures/RPGpack_sheet_2X.png
15:02:34.731 [JavaFX Application Thread] DEBUG AssetLoader          - Loading from cache: /assets/textures/RPGpack_sheet_2X.png
15:02:34.731 [JavaFX Application Thread] DEBUG AssetLoader          - Loading from cache: /assets/textures/RPGpack_sheet_2X.png
15:02:34.731 [JavaFX Application Thread] DEBUG AssetLoader          - Loading from cache: /assets/textures/RPGpack_sheet_2X.png
15:02:34.731 [JavaFX Application Thread] DEBUG AssetLoader          - Loading from cache: /assets/textures/RPGpack_sheet_2X.png
15:02:34.731 [JavaFX Application Thread] DEBUG AssetLoader          - Loading from cache: /assets/textures/RPGpack_sheet_2X.png
15:02:34.732 [JavaFX Application Thread] DEBUG AssetLoader          - Loading from cache: /assets/textures/RPGpack_sheet_2X.png
15:02:34.732 [JavaFX Application Thread] DEBUG AssetLoader          - Loading from cache: /assets/textures/RPGpack_sheet_2X.png
15:02:34.745 [JavaFX Application Thread] DEBUG AssetLoader          - Loading from cache: /assets/textures/matt.png
15:02:34.745 [JavaFX Application Thread] DEBUG AssetLoader          - Loading from cache: /assets/textures/matt.png
15:02:34.746 [JavaFX Application Thread] DEBUG AssetLoader          - Loading from cache: /assets/textures/matt.png
15:02:34.746 [JavaFX Application Thread] DEBUG AssetLoader          - Loading from cache: /assets/textures/matt.png
15:02:34.747 [JavaFX Application Thread] DEBUG AssetLoader          - Loading from cache: /assets/textures/matt.png
15:02:34.747 [JavaFX Application Thread] DEBUG AssetLoader          - Loading from cache: /assets/textures/matt.png
15:02:34.748 [JavaFX Application Thread] DEBUG AssetLoader          - Loading from cache: /assets/textures/matt.png
15:02:34.748 [JavaFX Application Thread] DEBUG AssetLoader          - Loading from cache: /assets/textures/matt.png
15:02:49.194 [JavaFX Application Thread] DEBUG AssetLoader          - Loading from cache: /assets/properties/languages/english.properties
15:02:49.195 [JavaFX Application Thread] DEBUG AppStateMachine      - Push state: DialogSubState
15:02:49.195 [JavaFX Application Thread] DEBUG Input                - Clearing active input actions
15:02:49.195 [JavaFX Application Thread] DEBUG AppStateMachine      - PlayState -> DialogSubState
15:02:50.202 [JavaFX Application Thread] DEBUG AppStateMachine      - Pop state: DialogSubState
15:02:50.202 [JavaFX Application Thread] DEBUG Input                - Clearing active input actions
15:02:50.203 [JavaFX Application Thread] DEBUG AppStateMachine      - PlayState <- DialogSubState
15:02:50.203 [JavaFX Application Thread] DEBUG AssetLoader          - Loading from disk: /assets/json/BasicGame4.json
15:02:50.206 [JavaFX Application Thread] DEBUG FXGL.GameWorld       - Clearing removable entities
15:02:50.208 [JavaFX Application Thread] DEBUG FXGL.GameWorld       - Setting level from map
15:02:50.213 [JavaFX Application Thread] DEBUG AssetLoader          - Loading from cache: /assets/textures/RPGpack_sheet_2X.png
15:02:50.213 [JavaFX Application Thread] DEBUG AssetLoader          - Loading from cache: /assets/textures/RPGpack_sheet_2X.png
15:02:50.213 [JavaFX Application Thread] DEBUG AssetLoader          - Loading from cache: /assets/textures/RPGpack_sheet_2X.png
15:02:50.213 [JavaFX Application Thread] DEBUG AssetLoader          - Loading from cache: /assets/textures/RPGpack_sheet_2X.png
15:02:50.213 [JavaFX Application Thread] DEBUG AssetLoader          - Loading from cache: /assets/textures/RPGpack_sheet_2X.png
15:02:50.213 [JavaFX Application Thread] DEBUG AssetLoader          - Loading from cache: /assets/textures/RPGpack_sheet_2X.png
15:02:50.213 [JavaFX Application Thread] DEBUG AssetLoader          - Loading from cache: /assets/textures/RPGpack_sheet_2X.png
15:02:50.213 [JavaFX Application Thread] DEBUG AssetLoader          - Loading from cache: /assets/textures/RPGpack_sheet_2X.png
15:02:50.214 [JavaFX Application Thread] DEBUG AssetLoader          - Loading from cache: /assets/textures/RPGpack_sheet_2X.png
15:02:50.214 [JavaFX Application Thread] DEBUG AssetLoader          - Loading from cache: /assets/textures/RPGpack_sheet_2X.png
15:02:50.214 [JavaFX Application Thread] DEBUG AssetLoader          - Loading from cache: /assets/textures/RPGpack_sheet_2X.png
15:02:50.214 [JavaFX Application Thread] DEBUG AssetLoader          - Loading from cache: /assets/textures/RPGpack_sheet_2X.png
15:02:50.214 [JavaFX Application Thread] DEBUG AssetLoader          - Loading from cache: /assets/textures/RPGpack_sheet_2X.png
15:02:50.214 [JavaFX Application Thread] DEBUG AssetLoader          - Loading from cache: /assets/textures/RPGpack_sheet_2X.png
15:02:50.214 [JavaFX Application Thread] DEBUG AssetLoader          - Loading from cache: /assets/textures/RPGpack_sheet_2X.png
15:02:50.214 [JavaFX Application Thread] DEBUG AssetLoader          - Loading from cache: /assets/textures/RPGpack_sheet_2X.png
15:02:50.214 [JavaFX Application Thread] DEBUG AssetLoader          - Loading from cache: /assets/textures/RPGpack_sheet_2X.png
15:02:50.214 [JavaFX Application Thread] DEBUG AssetLoader          - Loading from cache: /assets/textures/RPGpack_sheet_2X.png
15:02:50.214 [JavaFX Application Thread] DEBUG AssetLoader          - Loading from cache: /assets/textures/RPGpack_sheet_2X.png
15:02:50.215 [JavaFX Application Thread] DEBUG AssetLoader          - Loading from cache: /assets/textures/RPGpack_sheet_2X.png
15:02:50.215 [JavaFX Application Thread] DEBUG AssetLoader          - Loading from cache: /assets/textures/RPGpack_sheet_2X.png
15:02:50.215 [JavaFX Application Thread] DEBUG AssetLoader          - Loading from cache: /assets/textures/RPGpack_sheet_2X.png
15:02:50.215 [JavaFX Application Thread] DEBUG AssetLoader          - Loading from cache: /assets/textures/RPGpack_sheet_2X.png
15:02:50.215 [JavaFX Application Thread] DEBUG AssetLoader          - Loading from cache: /assets/textures/RPGpack_sheet_2X.png
15:02:50.215 [JavaFX Application Thread] DEBUG AssetLoader          - Loading from cache: /assets/textures/RPGpack_sheet_2X.png
15:02:50.215 [JavaFX Application Thread] DEBUG AssetLoader          - Loading from cache: /assets/textures/RPGpack_sheet_2X.png
15:02:50.215 [JavaFX Application Thread] DEBUG AssetLoader          - Loading from cache: /assets/textures/RPGpack_sheet_2X.png
15:02:50.215 [JavaFX Application Thread] DEBUG AssetLoader          - Loading from cache: /assets/textures/RPGpack_sheet_2X.png
15:02:50.215 [JavaFX Application Thread] DEBUG AssetLoader          - Loading from cache: /assets/textures/RPGpack_sheet_2X.png
15:02:50.226 [JavaFX Application Thread] DEBUG AssetLoader          - Loading from cache: /assets/textures/matt.png
15:02:50.226 [JavaFX Application Thread] DEBUG AssetLoader          - Loading from cache: /assets/textures/matt.png
15:02:50.227 [JavaFX Application Thread] DEBUG AssetLoader          - Loading from cache: /assets/textures/matt.png
15:02:50.227 [JavaFX Application Thread] DEBUG AssetLoader          - Loading from cache: /assets/textures/matt.png
15:02:50.228 [JavaFX Application Thread] DEBUG AssetLoader          - Loading from cache: /assets/textures/matt.png
15:02:50.228 [JavaFX Application Thread] DEBUG AssetLoader          - Loading from cache: /assets/textures/matt.png
15:03:24.409 [JavaFX Application Thread] DEBUG GameApplication      - Exiting game application
15:03:24.410 [JavaFX Application Thread] DEBUG GameApplication      - Shutting down background threads
15:03:24.411 [JavaFX Application Thread] DEBUG GameApplication      - Exiting FXGL
15:03:24.411 [JavaFX Application Thread] DEBUG FXGL                 - Saving FXGL system data
15:03:24.413 [JavaFX Application Thread] DEBUG IOTask               - Executing task: writeDataTask(system/fxgl.bundle)
15:03:24.416 [JavaFX Application Thread] DEBUG FS                   - Writing to: system\fxgl.bundle
15:03:24.420 [JavaFX Application Thread] DEBUG IOTask               - Task succeeded: writeDataTask(system/fxgl.bundle)
15:03:24.420 [JavaFX Application Thread] DEBUG GameApplication      - Closing logger and exiting JavaFX
