14:59:44.614 [JavaFX Application Thread] DEBUG GameApplication      - Logger initialized
14:59:44.633 [JavaFX Application Thread] DEBUG MainWindow           - Creating a JavaFX scene
14:59:44.744 [JavaFX Application Thread] DEBUG MainWindow           - Target settings size: 1050.0 x 700.0
14:59:44.744 [JavaFX Application Thread] DEBUG MainWindow           - Scaled scene size:    1050.0 x 700.0
14:59:44.744 [JavaFX Application Thread] DEBUG MainWindow           - Scaled ratio: (1.0, 1.0)
14:59:44.962 [JavaFX Application Thread] DEBUG GameApplication      - Starting FXGL
14:59:44.962 [JavaFX Application Thread] INFO  Version              - FXGL-0.4.1
14:59:44.963 [JavaFX Application Thread] INFO  Version              - Source code and latest versions at: https://github.com/AlmasB/FXGL
14:59:44.963 [JavaFX Application Thread] INFO  Version              -              Join the FXGL chat at: https://gitter.im/AlmasB/FXGL
14:59:45.060 [FXGL Launcher Thread     ] DEBUG FXGL                 - Loading FXGL system data
14:59:45.067 [FXGL Launcher Thread     ] DEBUG IOTask               - Executing task: readDataTask(system/fxgl.bundle)
14:59:45.075 [FXGL Launcher Thread     ] DEBUG FS                   - Reading from: system\fxgl.bundle
14:59:45.086 [FXGL Launcher Thread     ] DEBUG IOTask               - Task succeeded: readDataTask(system/fxgl.bundle)
14:59:45.086 [FXGL Launcher Thread     ] DEBUG Bundle               - Logging bundle: FXGL
14:59:45.087 [FXGL Launcher Thread     ] DEBUG Bundle               - FXGL.offline.timer.version.check=2018-02-06T14:04:09.293
14:59:45.087 [FXGL Launcher Thread     ] DEBUG GameApplication      - FXGL configuration complete
14:59:45.089 [FXGL Launcher Thread     ] INFO  GameApplication      - FXGL configuration took:  0,080 sec
14:59:45.089 [FXGL Launcher Thread     ] DEBUG GameApplication      - Logging game settings
Title: Basic Game 
Version: 0.0
Width: 1050
Height: 700
Fullscreen: false
Intro: false
Menus: false
Profiling: false
Single step:false
App Mode: DEVELOPER
Menu Key: ESCAPE
Stage Style: DECORATED
Scene Factory: class com.almasb.fxgl.scene.SceneFactory
Dialog Factory: class com.almasb.fxgl.ui.FXGLDialogFactory
UI Factory: class com.almasb.fxgl.ui.FXGLUIFactory
Notification Service: class com.almasb.fxgl.gameplay.notification.XboxNotificationView
Exception Handler: class com.almasb.fxgl.app.FXGLExceptionHandler
14:59:45.094 [FXGL Launcher Thread     ] DEBUG GameApplication      - Configuring GameApplication
14:59:45.100 [FXGL Launcher Thread     ] DEBUG AppStateMachine      - Initializing application states
14:59:45.113 [FXGL Launcher Thread     ] DEBUG AssetLoader          - Loading from disk: /assets/ui/cursors/fxgl_default.png
14:59:45.147 [FXGL Launcher Thread     ] DEBUG AssetLoader          - Loading from disk: /assets/ui/cursors/fxgl_default.png
14:59:45.159 [FXGL Launcher Thread     ] DEBUG AssetLoader          - Loading from disk: /assets/sounds/core/notification.wav
14:59:45.190 [FXGL Launcher Thread     ] DEBUG AssetLoader          - Loading from disk: /assets/sounds/menu/select.wav
14:59:45.192 [FXGL Launcher Thread     ] DEBUG AssetLoader          - Loading from disk: /assets/sounds/menu/back.wav
14:59:45.194 [FXGL Launcher Thread     ] DEBUG AssetLoader          - Loading from disk: /assets/sounds/menu/press.wav
14:59:45.197 [FXGL Launcher Thread     ] DEBUG AssetLoader          - Loading from disk: /assets/ui/fonts/VarelaRound-Regular.ttf
14:59:45.367 [FXGL Launcher Thread     ] DEBUG AssetLoader          - Loading from disk: /assets/ui/fonts/lucida_console.ttf
14:59:45.374 [FXGL Launcher Thread     ] DEBUG AssetLoader          - Loading from disk: /assets/ui/css/fxgl_dark.css
14:59:45.375 [FXGL Launcher Thread     ] DEBUG AssetLoader          - Loading from disk: /assets/ui/icons/fxgl_icon.png
14:59:45.401 [FXGL Launcher Thread     ] DEBUG AssetLoader          - Loading from disk: /assets/ui/cursors/fxgl_default.png
14:59:45.426 [FXGL Launcher Thread     ] DEBUG FXGL.GameScene       - Game scene initialized: 1050x700
14:59:45.429 [FXGL Launcher Thread     ] DEBUG FXGL.GameWorld       - Game world initialized
14:59:45.495 [FXGL Launcher Thread     ] DEBUG FXGL.PhysicsWorld    - Physics world initialized: appHeight=700, physics.ppm=50,0
14:59:45.522 [FXGL Launcher Thread     ] DEBUG Input                - Registered new binding: Pause - Esc
14:59:45.540 [FXGL Launcher Thread     ] INFO  GameApplication      - Game configuration took:  0,446 sec
14:59:45.543 [JavaFX Application Thread] DEBUG MainWindow           - Opening main window
14:59:45.588 [JavaFX Application Thread] DEBUG MainWindow           - Window border size: (6.0, 35.0)
14:59:45.588 [JavaFX Application Thread] DEBUG MainWindow           - Scaled size: 1050.0 x 700.0
14:59:45.589 [JavaFX Application Thread] DEBUG MainWindow           - Scaled ratio: (1.0, 1.0)
14:59:45.589 [JavaFX Application Thread] DEBUG MainWindow           - Scene size: 1050.0 x 700.0
14:59:45.589 [JavaFX Application Thread] DEBUG MainWindow           - Stage size: 1056.0 x 735.0
14:59:45.589 [JavaFX Application Thread] DEBUG GameApplication      - Running preInit()
14:59:45.591 [JavaFX Application Thread] DEBUG AnnotationParser     - Main app package name: mikkel.sorensen
14:59:45.793 [JavaFX Application Thread] DEBUG AnnotationParser     - @SetAchievementStore: []
14:59:45.795 [JavaFX Application Thread] DEBUG Input                - Registered new binding: Screenshot - P
14:59:45.796 [JavaFX Application Thread] DEBUG Input                - Registered new binding: Dev Options - CTRL+0
14:59:45.796 [JavaFX Application Thread] DEBUG Input                - Registered new binding: Left - A
14:59:45.796 [JavaFX Application Thread] DEBUG Input                - Registered new binding: Right - D
14:59:45.796 [JavaFX Application Thread] DEBUG Input                - Registered new binding: Jump - W
14:59:45.797 [JavaFX Application Thread] DEBUG Input                - Registered new binding: Stop - S
14:59:45.843 [JavaFX Application Thread] DEBUG Input                - Registered new binding: Respawn - R
14:59:45.886 [JavaFX Application Thread] DEBUG GameApplication      - Starting main loop
14:59:45.891 [JavaFX Application Thread] DEBUG StartupState         - STARTUP
14:59:45.891 [JavaFX Application Thread] DEBUG GameApplication      - Starting new game
14:59:45.891 [JavaFX Application Thread] DEBUG Input                - Clearing active input actions
14:59:45.891 [JavaFX Application Thread] DEBUG AppStateMachine      - StartupState -> LoadingState
14:59:45.933 [JavaFX Application Thread] DEBUG AnnotationParser     - Main app package name: mikkel.sorensen
14:59:45.934 [JavaFX Application Thread] DEBUG InitAppTask          - Parsing annotations
14:59:45.997 [JavaFX Application Thread] DEBUG AnnotationParser     - @AddCollisionHandler: []
14:59:45.997 [JavaFX Application Thread] DEBUG AnnotationParser     - @SetEntityFactory: [BasicGameFactory]
14:59:45.997 [JavaFX Application Thread] DEBUG AnnotationParser     - @SetEventHandler: []
14:59:46.007 [FXGL Background Thread 1 ] DEBUG InitAppTask          - Clearing previous game
14:59:46.007 [FXGL Background Thread 1 ] DEBUG FXGL.GameWorld       - Clearing game world
14:59:46.007 [FXGL Background Thread 1 ] DEBUG FXGL.PhysicsWorld    - Clearing physics world
14:59:46.008 [FXGL Background Thread 1 ] DEBUG FXGL.GameScene       - Clearing game scene
14:59:46.008 [FXGL Background Thread 1 ] DEBUG InitAppTask          - Initializing Assets
14:59:46.009 [FXGL Background Thread 1 ] DEBUG InitAppTask          - Initializing Game
14:59:46.023 [FXGL Background Thread 1 ] DEBUG AssetLoader          - Loading from disk: /assets/json/BasicGame.json
14:59:46.424 [FXGL Background Thread 1 ] DEBUG FXGL.GameWorld       - Clearing removable entities
14:59:46.425 [FXGL Background Thread 1 ] DEBUG FXGL.GameWorld       - Setting level from map
14:59:46.432 [FXGL Background Thread 1 ] DEBUG AssetLoader          - Loading from disk: /assets/textures/RPGpack_sheet_2X.png
14:59:46.604 [FXGL Background Thread 1 ] DEBUG AssetLoader          - Loading from cache: /assets/textures/RPGpack_sheet_2X.png
14:59:46.604 [FXGL Background Thread 1 ] DEBUG AssetLoader          - Loading from cache: /assets/textures/RPGpack_sheet_2X.png
14:59:46.605 [FXGL Background Thread 1 ] DEBUG AssetLoader          - Loading from cache: /assets/textures/RPGpack_sheet_2X.png
14:59:46.605 [FXGL Background Thread 1 ] DEBUG AssetLoader          - Loading from cache: /assets/textures/RPGpack_sheet_2X.png
14:59:46.605 [FXGL Background Thread 1 ] DEBUG AssetLoader          - Loading from cache: /assets/textures/RPGpack_sheet_2X.png
14:59:46.605 [FXGL Background Thread 1 ] DEBUG AssetLoader          - Loading from cache: /assets/textures/RPGpack_sheet_2X.png
14:59:46.605 [FXGL Background Thread 1 ] DEBUG AssetLoader          - Loading from cache: /assets/textures/RPGpack_sheet_2X.png
14:59:46.606 [FXGL Background Thread 1 ] DEBUG AssetLoader          - Loading from cache: /assets/textures/RPGpack_sheet_2X.png
14:59:46.606 [FXGL Background Thread 1 ] DEBUG AssetLoader          - Loading from cache: /assets/textures/RPGpack_sheet_2X.png
14:59:46.606 [FXGL Background Thread 1 ] DEBUG AssetLoader          - Loading from cache: /assets/textures/RPGpack_sheet_2X.png
14:59:46.606 [FXGL Background Thread 1 ] DEBUG AssetLoader          - Loading from cache: /assets/textures/RPGpack_sheet_2X.png
14:59:46.606 [FXGL Background Thread 1 ] DEBUG AssetLoader          - Loading from cache: /assets/textures/RPGpack_sheet_2X.png
14:59:46.607 [FXGL Background Thread 1 ] DEBUG AssetLoader          - Loading from cache: /assets/textures/RPGpack_sheet_2X.png
14:59:46.607 [FXGL Background Thread 1 ] DEBUG AssetLoader          - Loading from cache: /assets/textures/RPGpack_sheet_2X.png
14:59:46.607 [FXGL Background Thread 1 ] DEBUG AssetLoader          - Loading from cache: /assets/textures/RPGpack_sheet_2X.png
14:59:46.607 [FXGL Background Thread 1 ] DEBUG AssetLoader          - Loading from cache: /assets/textures/RPGpack_sheet_2X.png
14:59:46.607 [FXGL Background Thread 1 ] DEBUG AssetLoader          - Loading from cache: /assets/textures/RPGpack_sheet_2X.png
14:59:46.608 [FXGL Background Thread 1 ] DEBUG AssetLoader          - Loading from cache: /assets/textures/RPGpack_sheet_2X.png
14:59:46.608 [FXGL Background Thread 1 ] DEBUG AssetLoader          - Loading from cache: /assets/textures/RPGpack_sheet_2X.png
14:59:46.608 [FXGL Background Thread 1 ] DEBUG AssetLoader          - Loading from cache: /assets/textures/RPGpack_sheet_2X.png
14:59:46.608 [FXGL Background Thread 1 ] DEBUG AssetLoader          - Loading from cache: /assets/textures/RPGpack_sheet_2X.png
14:59:46.608 [FXGL Background Thread 1 ] DEBUG AssetLoader          - Loading from cache: /assets/textures/RPGpack_sheet_2X.png
14:59:46.608 [FXGL Background Thread 1 ] DEBUG AssetLoader          - Loading from cache: /assets/textures/RPGpack_sheet_2X.png
14:59:46.609 [FXGL Background Thread 1 ] DEBUG AssetLoader          - Loading from cache: /assets/textures/RPGpack_sheet_2X.png
14:59:46.609 [FXGL Background Thread 1 ] DEBUG AssetLoader          - Loading from cache: /assets/textures/RPGpack_sheet_2X.png
14:59:46.609 [FXGL Background Thread 1 ] DEBUG AssetLoader          - Loading from cache: /assets/textures/RPGpack_sheet_2X.png
14:59:46.609 [FXGL Background Thread 1 ] DEBUG AssetLoader          - Loading from cache: /assets/textures/RPGpack_sheet_2X.png
14:59:46.609 [FXGL Background Thread 1 ] DEBUG AssetLoader          - Loading from cache: /assets/textures/RPGpack_sheet_2X.png
14:59:46.609 [FXGL Background Thread 1 ] DEBUG AssetLoader          - Loading from cache: /assets/textures/RPGpack_sheet_2X.png
14:59:46.610 [FXGL Background Thread 1 ] DEBUG AssetLoader          - Loading from cache: /assets/textures/RPGpack_sheet_2X.png
14:59:46.610 [FXGL Background Thread 1 ] DEBUG AssetLoader          - Loading from cache: /assets/textures/RPGpack_sheet_2X.png
14:59:46.610 [FXGL Background Thread 1 ] DEBUG AssetLoader          - Loading from cache: /assets/textures/RPGpack_sheet_2X.png
14:59:46.612 [FXGL Background Thread 1 ] DEBUG FXGL.GameScene       - Creating render group for layer: BACKGROUND(1000)
14:59:46.669 [FXGL Background Thread 1 ] DEBUG FXGL.GameScene       - Creating render group for layer: TOP(2147483647)
14:59:46.680 [FXGL Background Thread 1 ] DEBUG AssetLoader          - Loading from disk: /assets/textures/player.png
14:59:46.683 [FXGL Background Thread 1 ] DEBUG AssetLoader          - Loading from cache: /assets/textures/player.png
14:59:46.686 [FXGL Background Thread 1 ] DEBUG AssetLoader          - Loading from disk: /assets/textures/matt.png
14:59:46.687 [FXGL Background Thread 1 ] DEBUG AssetLoader          - Loading from cache: /assets/textures/matt.png
14:59:46.689 [FXGL Background Thread 1 ] DEBUG InitAppTask          - Initializing Physics
14:59:46.692 [FXGL Background Thread 1 ] DEBUG InitAppTask          - Initializing UI
14:59:46.693 [FXGL Background Thread 1 ] DEBUG InitAppTask          - Initialization Complete
14:59:46.693 [FXGL Background Thread 1 ] INFO  InitAppTask          - Game initialization took: 0,687 sec
14:59:46.696 [JavaFX Application Thread] DEBUG Input                - Clearing active input actions
14:59:46.696 [JavaFX Application Thread] DEBUG AppStateMachine      - LoadingState -> PlayState
14:59:54.608 [JavaFX Application Thread] DEBUG AssetLoader          - Loading from disk: /assets/properties/languages/english.properties
14:59:54.610 [JavaFX Application Thread] DEBUG AppStateMachine      - Push state: DialogSubState
14:59:54.610 [JavaFX Application Thread] DEBUG Input                - Clearing active input actions
14:59:54.610 [JavaFX Application Thread] DEBUG AppStateMachine      - PlayState -> DialogSubState
14:59:56.574 [JavaFX Application Thread] DEBUG AppStateMachine      - Pop state: DialogSubState
14:59:56.574 [JavaFX Application Thread] DEBUG Input                - Clearing active input actions
14:59:56.574 [JavaFX Application Thread] DEBUG AppStateMachine      - PlayState <- DialogSubState
14:59:56.575 [JavaFX Application Thread] DEBUG AssetLoader          - Loading from disk: /assets/json/BasicGame2.json
14:59:56.584 [JavaFX Application Thread] DEBUG FXGL.GameWorld       - Clearing removable entities
14:59:56.588 [JavaFX Application Thread] DEBUG FXGL.GameWorld       - Setting level from map
14:59:56.589 [JavaFX Application Thread] DEBUG AssetLoader          - Loading from cache: /assets/textures/RPGpack_sheet_2X.png
14:59:56.589 [JavaFX Application Thread] DEBUG AssetLoader          - Loading from cache: /assets/textures/RPGpack_sheet_2X.png
14:59:56.589 [JavaFX Application Thread] DEBUG AssetLoader          - Loading from cache: /assets/textures/RPGpack_sheet_2X.png
14:59:56.590 [JavaFX Application Thread] DEBUG AssetLoader          - Loading from cache: /assets/textures/RPGpack_sheet_2X.png
14:59:56.590 [JavaFX Application Thread] DEBUG AssetLoader          - Loading from cache: /assets/textures/RPGpack_sheet_2X.png
14:59:56.590 [JavaFX Application Thread] DEBUG AssetLoader          - Loading from cache: /assets/textures/RPGpack_sheet_2X.png
14:59:56.590 [JavaFX Application Thread] DEBUG AssetLoader          - Loading from cache: /assets/textures/RPGpack_sheet_2X.png
14:59:56.590 [JavaFX Application Thread] DEBUG AssetLoader          - Loading from cache: /assets/textures/RPGpack_sheet_2X.png
14:59:56.591 [JavaFX Application Thread] DEBUG AssetLoader          - Loading from cache: /assets/textures/RPGpack_sheet_2X.png
14:59:56.591 [JavaFX Application Thread] DEBUG AssetLoader          - Loading from cache: /assets/textures/RPGpack_sheet_2X.png
14:59:56.591 [JavaFX Application Thread] DEBUG AssetLoader          - Loading from cache: /assets/textures/RPGpack_sheet_2X.png
14:59:56.591 [JavaFX Application Thread] DEBUG AssetLoader          - Loading from cache: /assets/textures/RPGpack_sheet_2X.png
14:59:56.591 [JavaFX Application Thread] DEBUG AssetLoader          - Loading from cache: /assets/textures/RPGpack_sheet_2X.png
14:59:56.592 [JavaFX Application Thread] DEBUG AssetLoader          - Loading from cache: /assets/textures/RPGpack_sheet_2X.png
14:59:56.592 [JavaFX Application Thread] DEBUG AssetLoader          - Loading from cache: /assets/textures/RPGpack_sheet_2X.png
14:59:56.592 [JavaFX Application Thread] DEBUG AssetLoader          - Loading from cache: /assets/textures/RPGpack_sheet_2X.png
14:59:56.592 [JavaFX Application Thread] DEBUG AssetLoader          - Loading from cache: /assets/textures/RPGpack_sheet_2X.png
14:59:56.592 [JavaFX Application Thread] DEBUG AssetLoader          - Loading from cache: /assets/textures/RPGpack_sheet_2X.png
14:59:56.592 [JavaFX Application Thread] DEBUG AssetLoader          - Loading from cache: /assets/textures/RPGpack_sheet_2X.png
14:59:56.593 [JavaFX Application Thread] DEBUG AssetLoader          - Loading from cache: /assets/textures/RPGpack_sheet_2X.png
14:59:56.593 [JavaFX Application Thread] DEBUG AssetLoader          - Loading from cache: /assets/textures/RPGpack_sheet_2X.png
14:59:56.593 [JavaFX Application Thread] DEBUG AssetLoader          - Loading from cache: /assets/textures/RPGpack_sheet_2X.png
14:59:56.593 [JavaFX Application Thread] DEBUG AssetLoader          - Loading from cache: /assets/textures/RPGpack_sheet_2X.png
14:59:56.593 [JavaFX Application Thread] DEBUG AssetLoader          - Loading from cache: /assets/textures/RPGpack_sheet_2X.png
14:59:56.594 [JavaFX Application Thread] DEBUG AssetLoader          - Loading from cache: /assets/textures/RPGpack_sheet_2X.png
14:59:56.594 [JavaFX Application Thread] DEBUG AssetLoader          - Loading from cache: /assets/textures/RPGpack_sheet_2X.png
14:59:56.594 [JavaFX Application Thread] DEBUG AssetLoader          - Loading from cache: /assets/textures/RPGpack_sheet_2X.png
14:59:56.594 [JavaFX Application Thread] DEBUG AssetLoader          - Loading from cache: /assets/textures/RPGpack_sheet_2X.png
14:59:56.595 [JavaFX Application Thread] DEBUG AssetLoader          - Loading from cache: /assets/textures/RPGpack_sheet_2X.png
14:59:56.595 [JavaFX Application Thread] DEBUG AssetLoader          - Loading from cache: /assets/textures/RPGpack_sheet_2X.png
14:59:56.595 [JavaFX Application Thread] DEBUG AssetLoader          - Loading from cache: /assets/textures/RPGpack_sheet_2X.png
14:59:56.595 [JavaFX Application Thread] DEBUG AssetLoader          - Loading from cache: /assets/textures/RPGpack_sheet_2X.png
14:59:56.595 [JavaFX Application Thread] DEBUG AssetLoader          - Loading from cache: /assets/textures/RPGpack_sheet_2X.png
14:59:56.596 [JavaFX Application Thread] DEBUG AssetLoader          - Loading from cache: /assets/textures/RPGpack_sheet_2X.png
14:59:56.596 [JavaFX Application Thread] DEBUG AssetLoader          - Loading from cache: /assets/textures/RPGpack_sheet_2X.png
14:59:56.597 [JavaFX Application Thread] DEBUG AssetLoader          - Loading from cache: /assets/textures/RPGpack_sheet_2X.png
14:59:56.597 [JavaFX Application Thread] DEBUG AssetLoader          - Loading from cache: /assets/textures/RPGpack_sheet_2X.png
14:59:56.597 [JavaFX Application Thread] DEBUG AssetLoader          - Loading from cache: /assets/textures/RPGpack_sheet_2X.png
14:59:56.597 [JavaFX Application Thread] DEBUG AssetLoader          - Loading from cache: /assets/textures/RPGpack_sheet_2X.png
14:59:56.597 [JavaFX Application Thread] DEBUG AssetLoader          - Loading from cache: /assets/textures/RPGpack_sheet_2X.png
14:59:56.597 [JavaFX Application Thread] DEBUG AssetLoader          - Loading from cache: /assets/textures/RPGpack_sheet_2X.png
14:59:56.598 [JavaFX Application Thread] DEBUG AssetLoader          - Loading from cache: /assets/textures/RPGpack_sheet_2X.png
14:59:56.598 [JavaFX Application Thread] DEBUG AssetLoader          - Loading from cache: /assets/textures/RPGpack_sheet_2X.png
14:59:56.598 [JavaFX Application Thread] DEBUG AssetLoader          - Loading from cache: /assets/textures/RPGpack_sheet_2X.png
14:59:56.598 [JavaFX Application Thread] DEBUG AssetLoader          - Loading from cache: /assets/textures/RPGpack_sheet_2X.png
14:59:56.598 [JavaFX Application Thread] DEBUG AssetLoader          - Loading from cache: /assets/textures/RPGpack_sheet_2X.png
14:59:56.598 [JavaFX Application Thread] DEBUG AssetLoader          - Loading from cache: /assets/textures/RPGpack_sheet_2X.png
14:59:56.598 [JavaFX Application Thread] DEBUG AssetLoader          - Loading from cache: /assets/textures/RPGpack_sheet_2X.png
14:59:56.599 [JavaFX Application Thread] DEBUG AssetLoader          - Loading from cache: /assets/textures/RPGpack_sheet_2X.png
14:59:56.599 [JavaFX Application Thread] DEBUG AssetLoader          - Loading from cache: /assets/textures/RPGpack_sheet_2X.png
14:59:56.599 [JavaFX Application Thread] DEBUG AssetLoader          - Loading from cache: /assets/textures/RPGpack_sheet_2X.png
14:59:56.599 [JavaFX Application Thread] DEBUG AssetLoader          - Loading from cache: /assets/textures/RPGpack_sheet_2X.png
14:59:56.599 [JavaFX Application Thread] DEBUG AssetLoader          - Loading from cache: /assets/textures/RPGpack_sheet_2X.png
14:59:56.599 [JavaFX Application Thread] DEBUG AssetLoader          - Loading from cache: /assets/textures/RPGpack_sheet_2X.png
14:59:56.611 [JavaFX Application Thread] DEBUG AssetLoader          - Loading from cache: /assets/textures/matt.png
14:59:56.611 [JavaFX Application Thread] DEBUG AssetLoader          - Loading from cache: /assets/textures/matt.png
14:59:56.613 [JavaFX Application Thread] DEBUG AssetLoader          - Loading from cache: /assets/textures/matt.png
14:59:56.613 [JavaFX Application Thread] DEBUG AssetLoader          - Loading from cache: /assets/textures/matt.png
15:00:20.202 [JavaFX Application Thread] DEBUG AssetLoader          - Loading from cache: /assets/properties/languages/english.properties
15:00:20.205 [JavaFX Application Thread] DEBUG AppStateMachine      - Push state: DialogSubState
15:00:20.206 [JavaFX Application Thread] DEBUG Input                - Clearing active input actions
15:00:20.207 [JavaFX Application Thread] DEBUG AppStateMachine      - PlayState -> DialogSubState
15:00:20.631 [JavaFX Application Thread] DEBUG AppStateMachine      - Pop state: DialogSubState
15:00:20.631 [JavaFX Application Thread] DEBUG Input                - Clearing active input actions
15:00:20.631 [JavaFX Application Thread] DEBUG AppStateMachine      - PlayState <- DialogSubState
15:00:20.631 [JavaFX Application Thread] DEBUG AssetLoader          - Loading from disk: /assets/json/BasicGame3.json
15:00:20.634 [JavaFX Application Thread] DEBUG FXGL.GameWorld       - Clearing removable entities
15:00:20.637 [JavaFX Application Thread] DEBUG FXGL.GameWorld       - Setting level from map
15:00:20.638 [JavaFX Application Thread] DEBUG AssetLoader          - Loading from cache: /assets/textures/RPGpack_sheet_2X.png
15:00:20.638 [JavaFX Application Thread] DEBUG AssetLoader          - Loading from cache: /assets/textures/RPGpack_sheet_2X.png
15:00:20.638 [JavaFX Application Thread] DEBUG AssetLoader          - Loading from cache: /assets/textures/RPGpack_sheet_2X.png
15:00:20.639 [JavaFX Application Thread] DEBUG AssetLoader          - Loading from cache: /assets/textures/RPGpack_sheet_2X.png
15:00:20.639 [JavaFX Application Thread] DEBUG AssetLoader          - Loading from cache: /assets/textures/RPGpack_sheet_2X.png
15:00:20.639 [JavaFX Application Thread] DEBUG AssetLoader          - Loading from cache: /assets/textures/RPGpack_sheet_2X.png
15:00:20.639 [JavaFX Application Thread] DEBUG AssetLoader          - Loading from cache: /assets/textures/RPGpack_sheet_2X.png
15:00:20.639 [JavaFX Application Thread] DEBUG AssetLoader          - Loading from cache: /assets/textures/RPGpack_sheet_2X.png
15:00:20.640 [JavaFX Application Thread] DEBUG AssetLoader          - Loading from cache: /assets/textures/RPGpack_sheet_2X.png
15:00:20.640 [JavaFX Application Thread] DEBUG AssetLoader          - Loading from cache: /assets/textures/RPGpack_sheet_2X.png
15:00:20.640 [JavaFX Application Thread] DEBUG AssetLoader          - Loading from cache: /assets/textures/RPGpack_sheet_2X.png
15:00:20.640 [JavaFX Application Thread] DEBUG AssetLoader          - Loading from cache: /assets/textures/RPGpack_sheet_2X.png
15:00:20.640 [JavaFX Application Thread] DEBUG AssetLoader          - Loading from cache: /assets/textures/RPGpack_sheet_2X.png
15:00:20.640 [JavaFX Application Thread] DEBUG AssetLoader          - Loading from cache: /assets/textures/RPGpack_sheet_2X.png
15:00:20.640 [JavaFX Application Thread] DEBUG AssetLoader          - Loading from cache: /assets/textures/RPGpack_sheet_2X.png
15:00:20.640 [JavaFX Application Thread] DEBUG AssetLoader          - Loading from cache: /assets/textures/RPGpack_sheet_2X.png
15:00:20.641 [JavaFX Application Thread] DEBUG AssetLoader          - Loading from cache: /assets/textures/RPGpack_sheet_2X.png
15:00:20.641 [JavaFX Application Thread] DEBUG AssetLoader          - Loading from cache: /assets/textures/RPGpack_sheet_2X.png
15:00:20.641 [JavaFX Application Thread] DEBUG AssetLoader          - Loading from cache: /assets/textures/RPGpack_sheet_2X.png
15:00:20.641 [JavaFX Application Thread] DEBUG AssetLoader          - Loading from cache: /assets/textures/RPGpack_sheet_2X.png
15:00:20.641 [JavaFX Application Thread] DEBUG AssetLoader          - Loading from cache: /assets/textures/RPGpack_sheet_2X.png
15:00:20.641 [JavaFX Application Thread] DEBUG AssetLoader          - Loading from cache: /assets/textures/RPGpack_sheet_2X.png
15:00:20.642 [JavaFX Application Thread] DEBUG AssetLoader          - Loading from cache: /assets/textures/RPGpack_sheet_2X.png
15:00:20.642 [JavaFX Application Thread] DEBUG AssetLoader          - Loading from cache: /assets/textures/RPGpack_sheet_2X.png
15:00:20.642 [JavaFX Application Thread] DEBUG AssetLoader          - Loading from cache: /assets/textures/RPGpack_sheet_2X.png
15:00:20.642 [JavaFX Application Thread] DEBUG AssetLoader          - Loading from cache: /assets/textures/RPGpack_sheet_2X.png
15:00:20.642 [JavaFX Application Thread] DEBUG AssetLoader          - Loading from cache: /assets/textures/RPGpack_sheet_2X.png
15:00:20.643 [JavaFX Application Thread] DEBUG AssetLoader          - Loading from cache: /assets/textures/RPGpack_sheet_2X.png
15:00:20.656 [JavaFX Application Thread] DEBUG AssetLoader          - Loading from cache: /assets/textures/matt.png
15:00:20.656 [JavaFX Application Thread] DEBUG AssetLoader          - Loading from cache: /assets/textures/matt.png
15:00:20.657 [JavaFX Application Thread] DEBUG AssetLoader          - Loading from cache: /assets/textures/matt.png
15:00:20.657 [JavaFX Application Thread] DEBUG AssetLoader          - Loading from cache: /assets/textures/matt.png
15:00:20.659 [JavaFX Application Thread] DEBUG AssetLoader          - Loading from cache: /assets/textures/matt.png
15:00:20.659 [JavaFX Application Thread] DEBUG AssetLoader          - Loading from cache: /assets/textures/matt.png
15:00:50.231 [JavaFX Application Thread] DEBUG GameApplication      - Exiting game application
15:00:50.233 [JavaFX Application Thread] DEBUG GameApplication      - Shutting down background threads
15:00:50.233 [JavaFX Application Thread] DEBUG GameApplication      - Exiting FXGL
15:00:50.233 [JavaFX Application Thread] DEBUG FXGL                 - Saving FXGL system data
15:00:50.234 [JavaFX Application Thread] DEBUG IOTask               - Executing task: writeDataTask(system/fxgl.bundle)
15:00:50.237 [JavaFX Application Thread] DEBUG FS                   - Writing to: system\fxgl.bundle
15:00:50.240 [JavaFX Application Thread] DEBUG IOTask               - Task succeeded: writeDataTask(system/fxgl.bundle)
15:00:50.240 [JavaFX Application Thread] DEBUG GameApplication      - Closing logger and exiting JavaFX
