12:47:39.451 [JavaFX Application Thread] DEBUG GameApplication      - Logger initialized
12:47:39.471 [JavaFX Application Thread] DEBUG MainWindow           - Creating a JavaFX scene
12:47:39.602 [JavaFX Application Thread] DEBUG MainWindow           - Target settings size: 1050.0 x 700.0
12:47:39.602 [JavaFX Application Thread] DEBUG MainWindow           - Scaled scene size:    1050.0 x 700.0
12:47:39.602 [JavaFX Application Thread] DEBUG MainWindow           - Scaled ratio: (1.0, 1.0)
12:47:39.800 [JavaFX Application Thread] DEBUG GameApplication      - Starting FXGL
12:47:39.800 [JavaFX Application Thread] INFO  Version              - FXGL-0.4.1
12:47:39.801 [JavaFX Application Thread] INFO  Version              - Source code and latest versions at: https://github.com/AlmasB/FXGL
12:47:39.801 [JavaFX Application Thread] INFO  Version              -              Join the FXGL chat at: https://gitter.im/AlmasB/FXGL
12:47:39.863 [FXGL Launcher Thread     ] DEBUG FXGL                 - Loading FXGL system data
12:47:39.870 [FXGL Launcher Thread     ] DEBUG IOTask               - Executing task: readDataTask(system/fxgl.bundle)
12:47:39.880 [FXGL Launcher Thread     ] DEBUG FS                   - Reading from: system\fxgl.bundle
12:47:39.893 [FXGL Launcher Thread     ] DEBUG IOTask               - Task succeeded: readDataTask(system/fxgl.bundle)
12:47:39.893 [FXGL Launcher Thread     ] DEBUG Bundle               - Logging bundle: FXGL
12:47:39.894 [FXGL Launcher Thread     ] DEBUG Bundle               - FXGL.offline.timer.version.check=2018-01-29T12:35:16.330
12:47:39.895 [FXGL Launcher Thread     ] DEBUG GameApplication      - FXGL configuration complete
12:47:39.896 [FXGL Launcher Thread     ] INFO  GameApplication      - FXGL configuration took:  0,083 sec
12:47:39.897 [FXGL Launcher Thread     ] DEBUG GameApplication      - Logging game settings
Title: Untitled
Version: 0.0
Width: 1050
Height: 700
Fullscreen: false
Intro: false
Menus: false
Profiling: false
Single step:false
App Mode: DEVELOPER
Menu Key: ESCAPE
Stage Style: DECORATED
Scene Factory: class com.almasb.fxgl.scene.SceneFactory
Dialog Factory: class com.almasb.fxgl.ui.FXGLDialogFactory
UI Factory: class com.almasb.fxgl.ui.FXGLUIFactory
Notification Service: class com.almasb.fxgl.gameplay.notification.XboxNotificationView
Exception Handler: class com.almasb.fxgl.app.FXGLExceptionHandler
12:47:39.903 [FXGL Launcher Thread     ] DEBUG GameApplication      - Configuring GameApplication
12:47:39.910 [FXGL Launcher Thread     ] DEBUG AppStateMachine      - Initializing application states
12:47:39.919 [FXGL Launcher Thread     ] DEBUG AssetLoader          - Loading from disk: /assets/ui/cursors/fxgl_default.png
12:47:39.948 [FXGL Launcher Thread     ] DEBUG AssetLoader          - Loading from disk: /assets/ui/cursors/fxgl_default.png
12:47:39.959 [FXGL Launcher Thread     ] DEBUG AssetLoader          - Loading from disk: /assets/sounds/core/notification.wav
12:47:40.006 [FXGL Launcher Thread     ] DEBUG AssetLoader          - Loading from disk: /assets/sounds/menu/select.wav
12:47:40.008 [FXGL Launcher Thread     ] DEBUG AssetLoader          - Loading from disk: /assets/sounds/menu/back.wav
12:47:40.010 [FXGL Launcher Thread     ] DEBUG AssetLoader          - Loading from disk: /assets/sounds/menu/press.wav
12:47:40.012 [FXGL Launcher Thread     ] DEBUG AssetLoader          - Loading from disk: /assets/ui/fonts/VarelaRound-Regular.ttf
12:47:40.196 [FXGL Launcher Thread     ] DEBUG AssetLoader          - Loading from disk: /assets/ui/fonts/lucida_console.ttf
12:47:40.202 [FXGL Launcher Thread     ] DEBUG AssetLoader          - Loading from disk: /assets/ui/css/fxgl_dark.css
12:47:40.202 [FXGL Launcher Thread     ] DEBUG AssetLoader          - Loading from disk: /assets/ui/icons/fxgl_icon.png
12:47:40.229 [FXGL Launcher Thread     ] DEBUG AssetLoader          - Loading from disk: /assets/ui/cursors/fxgl_default.png
12:47:40.251 [FXGL Launcher Thread     ] DEBUG FXGL.GameScene       - Game scene initialized: 1050x700
12:47:40.255 [FXGL Launcher Thread     ] DEBUG FXGL.GameWorld       - Game world initialized
12:47:40.315 [FXGL Launcher Thread     ] DEBUG FXGL.PhysicsWorld    - Physics world initialized: appHeight=700, physics.ppm=50,0
12:47:40.336 [FXGL Launcher Thread     ] DEBUG Input                - Registered new binding: Pause - Esc
12:47:40.354 [FXGL Launcher Thread     ] INFO  GameApplication      - Game configuration took:  0,451 sec
12:47:40.358 [JavaFX Application Thread] DEBUG MainWindow           - Opening main window
12:47:40.412 [JavaFX Application Thread] DEBUG MainWindow           - Window border size: (6.0, 35.0)
12:47:40.412 [JavaFX Application Thread] DEBUG MainWindow           - Scaled size: 1050.0 x 700.0
12:47:40.412 [JavaFX Application Thread] DEBUG MainWindow           - Scaled ratio: (1.0, 1.0)
12:47:40.413 [JavaFX Application Thread] DEBUG MainWindow           - Scene size: 1050.0 x 700.0
12:47:40.413 [JavaFX Application Thread] DEBUG MainWindow           - Stage size: 1056.0 x 735.0
12:47:40.413 [JavaFX Application Thread] DEBUG GameApplication      - Running preInit()
12:47:40.414 [JavaFX Application Thread] DEBUG AnnotationParser     - Main app package name: NO PACKAGE
12:47:40.414 [JavaFX Application Thread] WARN  AnnotationParser     - BasicGame has no package or contains uppercase letters. Disabling annotations processing
12:47:40.425 [JavaFX Application Thread] DEBUG Input                - Registered new binding: Screenshot - P
12:47:40.427 [JavaFX Application Thread] DEBUG Input                - Registered new binding: Dev Options - CTRL+0
12:47:40.471 [JavaFX Application Thread] DEBUG GameApplication      - Starting main loop
12:47:40.488 [JavaFX Application Thread] DEBUG StartupState         - STARTUP
12:47:40.488 [JavaFX Application Thread] DEBUG GameApplication      - Starting new game
12:47:40.489 [JavaFX Application Thread] DEBUG Input                - Clearing active input actions
12:47:40.490 [JavaFX Application Thread] DEBUG AppStateMachine      - StartupState -> LoadingState
12:47:40.532 [JavaFX Application Thread] DEBUG AnnotationParser     - Main app package name: NO PACKAGE
12:47:40.532 [JavaFX Application Thread] WARN  AnnotationParser     - BasicGame has no package or contains uppercase letters. Disabling annotations processing
12:47:40.532 [JavaFX Application Thread] DEBUG InitAppTask          - Parsing annotations
12:47:40.568 [FXGL Background Thread 1 ] DEBUG InitAppTask          - Clearing previous game
12:47:40.568 [FXGL Background Thread 1 ] DEBUG FXGL.GameWorld       - Clearing game world
12:47:40.569 [FXGL Background Thread 1 ] DEBUG FXGL.PhysicsWorld    - Clearing physics world
12:47:40.570 [FXGL Background Thread 1 ] DEBUG FXGL.GameScene       - Clearing game scene
12:47:40.570 [FXGL Background Thread 1 ] DEBUG InitAppTask          - Initializing Assets
12:47:40.571 [FXGL Background Thread 1 ] DEBUG InitAppTask          - Initializing Game
12:47:40.579 [FXGL Background Thread 1 ] DEBUG AssetLoader          - Loading from disk: /assets/json/BasicGame.json
12:47:40.631 [JavaFX Application Thread] FATAL GameApplication      - Uncaught Exception:
12:47:40.631 [JavaFX Application Thread] FATAL GameApplication      - 

Exception occurred: java.lang.IllegalArgumentException : Asset "/assets/json/BasicGame.json" was not found!
E: com.almasb.fxgl.asset.AssetLoader.getURL(AssetLoader.kt:519)
E: com.almasb.fxgl.asset.AssetLoader.getStream(AssetLoader.kt:537)
E: com.almasb.fxgl.asset.AssetLoader.loadJSON(AssetLoader.kt:334)
E: com.almasb.fxgl.entity.GameWorld.setLevelFromMap(GameWorld.java:272)
E: BasicGame.initGame(BasicGame.java:17)
E: com.almasb.fxgl.app.LoadingState$InitAppTask.initGame(AppStates.kt:200)
E: com.almasb.fxgl.app.LoadingState$InitAppTask.call(AppStates.kt:160)
E: com.almasb.fxgl.app.LoadingState$InitAppTask.call(AppStates.kt:132)
E: javafx.concurrent.Task$TaskCallable.call(Task.java:1423)
E: java.util.concurrent.FutureTask.run(FutureTask.java:266)
E: java.util.concurrent.Executors$RunnableAdapter.call(Executors.java:511)
E: java.util.concurrent.FutureTask.run(FutureTask.java:266)
E: java.util.concurrent.ThreadPoolExecutor.runWorker(ThreadPoolExecutor.java:1149)
E: java.util.concurrent.ThreadPoolExecutor$Worker.run(ThreadPoolExecutor.java:624)
E: java.lang.Thread.run(Thread.java:748)

12:47:40.631 [JavaFX Application Thread] FATAL GameApplication      - Application will now exit
12:47:40.631 [JavaFX Application Thread] DEBUG GameApplication      - Stopping main loop
12:47:52.004 [JavaFX Application Thread] DEBUG GameApplication      - Exiting game application
12:47:52.006 [JavaFX Application Thread] DEBUG GameApplication      - Shutting down background threads
12:47:52.006 [JavaFX Application Thread] DEBUG GameApplication      - Exiting FXGL
12:47:52.006 [JavaFX Application Thread] DEBUG FXGL                 - Saving FXGL system data
12:47:52.008 [JavaFX Application Thread] DEBUG IOTask               - Executing task: writeDataTask(system/fxgl.bundle)
12:47:52.010 [JavaFX Application Thread] DEBUG FS                   - Writing to: system\fxgl.bundle
12:47:52.016 [JavaFX Application Thread] DEBUG IOTask               - Task succeeded: writeDataTask(system/fxgl.bundle)
12:47:52.016 [JavaFX Application Thread] DEBUG GameApplication      - Closing logger and exiting JavaFX
