15:33:08.031 [JavaFX Application Thread] DEBUG GameApplication      - Logger initialized
15:33:08.048 [JavaFX Application Thread] DEBUG MainWindow           - Creating a JavaFX scene
15:33:08.175 [JavaFX Application Thread] DEBUG MainWindow           - Target settings size: 1050.0 x 700.0
15:33:08.175 [JavaFX Application Thread] DEBUG MainWindow           - Scaled scene size:    1050.0 x 700.0
15:33:08.175 [JavaFX Application Thread] DEBUG MainWindow           - Scaled ratio: (1.0, 1.0)
15:33:08.373 [JavaFX Application Thread] DEBUG GameApplication      - Starting FXGL
15:33:08.373 [JavaFX Application Thread] INFO  Version              - FXGL-0.4.1
15:33:08.373 [JavaFX Application Thread] INFO  Version              - Source code and latest versions at: https://github.com/AlmasB/FXGL
15:33:08.374 [JavaFX Application Thread] INFO  Version              -              Join the FXGL chat at: https://gitter.im/AlmasB/FXGL
15:33:08.440 [FXGL Launcher Thread     ] DEBUG FXGL                 - Loading FXGL system data
15:33:08.445 [FXGL Launcher Thread     ] DEBUG IOTask               - Executing task: readDataTask(system/fxgl.bundle)
15:33:08.455 [FXGL Launcher Thread     ] DEBUG FS                   - Reading from: system\fxgl.bundle
15:33:08.469 [FXGL Launcher Thread     ] DEBUG IOTask               - Task succeeded: readDataTask(system/fxgl.bundle)
15:33:08.469 [FXGL Launcher Thread     ] DEBUG Bundle               - Logging bundle: FXGL
15:33:08.470 [FXGL Launcher Thread     ] DEBUG Bundle               - FXGL.offline.timer.version.check=2018-02-06T14:04:09.293
15:33:08.471 [FXGL Launcher Thread     ] DEBUG GameApplication      - FXGL configuration complete
15:33:08.472 [FXGL Launcher Thread     ] INFO  GameApplication      - FXGL configuration took:  0,092 sec
15:33:08.473 [FXGL Launcher Thread     ] DEBUG GameApplication      - Logging game settings
Title: Basic Game 
Version: 0.0
Width: 1050
Height: 700
Fullscreen: false
Intro: false
Menus: false
Profiling: false
Single step:false
App Mode: DEVELOPER
Menu Key: ESCAPE
Stage Style: DECORATED
Scene Factory: class com.almasb.fxgl.scene.SceneFactory
Dialog Factory: class com.almasb.fxgl.ui.FXGLDialogFactory
UI Factory: class com.almasb.fxgl.ui.FXGLUIFactory
Notification Service: class com.almasb.fxgl.gameplay.notification.XboxNotificationView
Exception Handler: class com.almasb.fxgl.app.FXGLExceptionHandler
15:33:08.479 [FXGL Launcher Thread     ] DEBUG GameApplication      - Configuring GameApplication
15:33:08.487 [FXGL Launcher Thread     ] DEBUG AppStateMachine      - Initializing application states
15:33:08.502 [FXGL Launcher Thread     ] DEBUG AssetLoader          - Loading from disk: /assets/ui/cursors/fxgl_default.png
15:33:08.534 [FXGL Launcher Thread     ] DEBUG AssetLoader          - Loading from disk: /assets/ui/cursors/fxgl_default.png
15:33:08.546 [FXGL Launcher Thread     ] DEBUG AssetLoader          - Loading from disk: /assets/sounds/core/notification.wav
15:33:08.588 [FXGL Launcher Thread     ] DEBUG AssetLoader          - Loading from disk: /assets/sounds/menu/select.wav
15:33:08.590 [FXGL Launcher Thread     ] DEBUG AssetLoader          - Loading from disk: /assets/sounds/menu/back.wav
15:33:08.592 [FXGL Launcher Thread     ] DEBUG AssetLoader          - Loading from disk: /assets/sounds/menu/press.wav
15:33:08.595 [FXGL Launcher Thread     ] DEBUG AssetLoader          - Loading from disk: /assets/ui/fonts/VarelaRound-Regular.ttf
15:33:08.810 [FXGL Launcher Thread     ] DEBUG AssetLoader          - Loading from disk: /assets/ui/fonts/lucida_console.ttf
15:33:08.818 [FXGL Launcher Thread     ] DEBUG AssetLoader          - Loading from disk: /assets/ui/css/fxgl_dark.css
15:33:08.818 [FXGL Launcher Thread     ] DEBUG AssetLoader          - Loading from disk: /assets/ui/icons/fxgl_icon.png
15:33:08.840 [FXGL Launcher Thread     ] DEBUG AssetLoader          - Loading from disk: /assets/ui/cursors/fxgl_default.png
15:33:08.865 [FXGL Launcher Thread     ] DEBUG FXGL.GameScene       - Game scene initialized: 1050x700
15:33:08.869 [FXGL Launcher Thread     ] DEBUG FXGL.GameWorld       - Game world initialized
15:33:08.940 [FXGL Launcher Thread     ] DEBUG FXGL.PhysicsWorld    - Physics world initialized: appHeight=700, physics.ppm=50,0
15:33:08.962 [FXGL Launcher Thread     ] DEBUG Input                - Registered new binding: Pause - Esc
15:33:08.978 [FXGL Launcher Thread     ] INFO  GameApplication      - Game configuration took:  0,498 sec
15:33:08.983 [JavaFX Application Thread] DEBUG MainWindow           - Opening main window
15:33:09.038 [JavaFX Application Thread] DEBUG MainWindow           - Window border size: (6.0, 35.0)
15:33:09.039 [JavaFX Application Thread] DEBUG MainWindow           - Scaled size: 1050.0 x 700.0
15:33:09.039 [JavaFX Application Thread] DEBUG MainWindow           - Scaled ratio: (1.0, 1.0)
15:33:09.039 [JavaFX Application Thread] DEBUG MainWindow           - Scene size: 1050.0 x 700.0
15:33:09.039 [JavaFX Application Thread] DEBUG MainWindow           - Stage size: 1056.0 x 735.0
15:33:09.039 [JavaFX Application Thread] DEBUG GameApplication      - Running preInit()
15:33:09.042 [JavaFX Application Thread] DEBUG AnnotationParser     - Main app package name: mikkel.sorensen
15:33:09.253 [JavaFX Application Thread] DEBUG AnnotationParser     - @SetAchievementStore: []
15:33:09.256 [JavaFX Application Thread] DEBUG Input                - Registered new binding: Screenshot - P
15:33:09.257 [JavaFX Application Thread] DEBUG Input                - Registered new binding: Dev Options - CTRL+0
15:33:09.257 [JavaFX Application Thread] DEBUG Input                - Registered new binding: Left - A
15:33:09.257 [JavaFX Application Thread] DEBUG Input                - Registered new binding: Right - D
15:33:09.257 [JavaFX Application Thread] DEBUG Input                - Registered new binding: Jump - W
15:33:09.258 [JavaFX Application Thread] DEBUG Input                - Registered new binding: Stop - S
15:33:09.297 [JavaFX Application Thread] DEBUG Input                - Registered new binding: Respawn - R
15:33:09.355 [JavaFX Application Thread] DEBUG GameApplication      - Starting main loop
15:33:09.360 [JavaFX Application Thread] DEBUG StartupState         - STARTUP
15:33:09.360 [JavaFX Application Thread] DEBUG GameApplication      - Starting new game
15:33:09.360 [JavaFX Application Thread] DEBUG Input                - Clearing active input actions
15:33:09.360 [JavaFX Application Thread] DEBUG AppStateMachine      - StartupState -> LoadingState
15:33:09.403 [JavaFX Application Thread] DEBUG AnnotationParser     - Main app package name: mikkel.sorensen
15:33:09.403 [JavaFX Application Thread] DEBUG InitAppTask          - Parsing annotations
15:33:09.451 [JavaFX Application Thread] DEBUG AnnotationParser     - @SetEventHandler: []
15:33:09.451 [JavaFX Application Thread] DEBUG AnnotationParser     - @AddCollisionHandler: []
15:33:09.451 [JavaFX Application Thread] DEBUG AnnotationParser     - @SetEntityFactory: [BasicGameFactory]
15:33:09.461 [FXGL Background Thread 1 ] DEBUG InitAppTask          - Clearing previous game
15:33:09.461 [FXGL Background Thread 1 ] DEBUG FXGL.GameWorld       - Clearing game world
15:33:09.461 [FXGL Background Thread 1 ] DEBUG FXGL.PhysicsWorld    - Clearing physics world
15:33:09.461 [FXGL Background Thread 1 ] DEBUG FXGL.GameScene       - Clearing game scene
15:33:09.462 [FXGL Background Thread 1 ] DEBUG InitAppTask          - Initializing Assets
15:33:09.463 [FXGL Background Thread 1 ] DEBUG InitAppTask          - Initializing Game
15:33:09.477 [FXGL Background Thread 1 ] DEBUG AssetLoader          - Loading from disk: /assets/json/BasicGame.json
15:33:09.858 [FXGL Background Thread 1 ] DEBUG FXGL.GameWorld       - Clearing removable entities
15:33:09.859 [FXGL Background Thread 1 ] DEBUG FXGL.GameWorld       - Setting level from map
15:33:09.866 [FXGL Background Thread 1 ] DEBUG AssetLoader          - Loading from disk: /assets/textures/RPGpack_sheet_2X.png
15:33:10.026 [FXGL Background Thread 1 ] DEBUG AssetLoader          - Loading from cache: /assets/textures/RPGpack_sheet_2X.png
15:33:10.026 [FXGL Background Thread 1 ] DEBUG AssetLoader          - Loading from cache: /assets/textures/RPGpack_sheet_2X.png
15:33:10.027 [FXGL Background Thread 1 ] DEBUG AssetLoader          - Loading from cache: /assets/textures/RPGpack_sheet_2X.png
15:33:10.027 [FXGL Background Thread 1 ] DEBUG AssetLoader          - Loading from cache: /assets/textures/RPGpack_sheet_2X.png
15:33:10.027 [FXGL Background Thread 1 ] DEBUG AssetLoader          - Loading from cache: /assets/textures/RPGpack_sheet_2X.png
15:33:10.028 [FXGL Background Thread 1 ] DEBUG AssetLoader          - Loading from cache: /assets/textures/RPGpack_sheet_2X.png
15:33:10.028 [FXGL Background Thread 1 ] DEBUG AssetLoader          - Loading from cache: /assets/textures/RPGpack_sheet_2X.png
15:33:10.028 [FXGL Background Thread 1 ] DEBUG AssetLoader          - Loading from cache: /assets/textures/RPGpack_sheet_2X.png
15:33:10.028 [FXGL Background Thread 1 ] DEBUG AssetLoader          - Loading from cache: /assets/textures/RPGpack_sheet_2X.png
15:33:10.028 [FXGL Background Thread 1 ] DEBUG AssetLoader          - Loading from cache: /assets/textures/RPGpack_sheet_2X.png
15:33:10.029 [FXGL Background Thread 1 ] DEBUG AssetLoader          - Loading from cache: /assets/textures/RPGpack_sheet_2X.png
15:33:10.029 [FXGL Background Thread 1 ] DEBUG AssetLoader          - Loading from cache: /assets/textures/RPGpack_sheet_2X.png
15:33:10.029 [FXGL Background Thread 1 ] DEBUG AssetLoader          - Loading from cache: /assets/textures/RPGpack_sheet_2X.png
15:33:10.029 [FXGL Background Thread 1 ] DEBUG AssetLoader          - Loading from cache: /assets/textures/RPGpack_sheet_2X.png
15:33:10.029 [FXGL Background Thread 1 ] DEBUG AssetLoader          - Loading from cache: /assets/textures/RPGpack_sheet_2X.png
15:33:10.029 [FXGL Background Thread 1 ] DEBUG AssetLoader          - Loading from cache: /assets/textures/RPGpack_sheet_2X.png
15:33:10.030 [FXGL Background Thread 1 ] DEBUG AssetLoader          - Loading from cache: /assets/textures/RPGpack_sheet_2X.png
15:33:10.030 [FXGL Background Thread 1 ] DEBUG AssetLoader          - Loading from cache: /assets/textures/RPGpack_sheet_2X.png
15:33:10.030 [FXGL Background Thread 1 ] DEBUG AssetLoader          - Loading from cache: /assets/textures/RPGpack_sheet_2X.png
15:33:10.031 [FXGL Background Thread 1 ] DEBUG AssetLoader          - Loading from cache: /assets/textures/RPGpack_sheet_2X.png
15:33:10.031 [FXGL Background Thread 1 ] DEBUG AssetLoader          - Loading from cache: /assets/textures/RPGpack_sheet_2X.png
15:33:10.031 [FXGL Background Thread 1 ] DEBUG AssetLoader          - Loading from cache: /assets/textures/RPGpack_sheet_2X.png
15:33:10.031 [FXGL Background Thread 1 ] DEBUG AssetLoader          - Loading from cache: /assets/textures/RPGpack_sheet_2X.png
15:33:10.032 [FXGL Background Thread 1 ] DEBUG AssetLoader          - Loading from cache: /assets/textures/RPGpack_sheet_2X.png
15:33:10.032 [FXGL Background Thread 1 ] DEBUG AssetLoader          - Loading from cache: /assets/textures/RPGpack_sheet_2X.png
15:33:10.032 [FXGL Background Thread 1 ] DEBUG AssetLoader          - Loading from cache: /assets/textures/RPGpack_sheet_2X.png
15:33:10.032 [FXGL Background Thread 1 ] DEBUG AssetLoader          - Loading from cache: /assets/textures/RPGpack_sheet_2X.png
15:33:10.032 [FXGL Background Thread 1 ] DEBUG AssetLoader          - Loading from cache: /assets/textures/RPGpack_sheet_2X.png
15:33:10.033 [FXGL Background Thread 1 ] DEBUG AssetLoader          - Loading from cache: /assets/textures/RPGpack_sheet_2X.png
15:33:10.033 [FXGL Background Thread 1 ] DEBUG AssetLoader          - Loading from cache: /assets/textures/RPGpack_sheet_2X.png
15:33:10.033 [FXGL Background Thread 1 ] DEBUG AssetLoader          - Loading from cache: /assets/textures/RPGpack_sheet_2X.png
15:33:10.033 [FXGL Background Thread 1 ] DEBUG AssetLoader          - Loading from cache: /assets/textures/RPGpack_sheet_2X.png
15:33:10.036 [FXGL Background Thread 1 ] DEBUG FXGL.GameScene       - Creating render group for layer: BACKGROUND(1000)
15:33:10.090 [FXGL Background Thread 1 ] DEBUG FXGL.GameScene       - Creating render group for layer: TOP(2147483647)
15:33:10.101 [FXGL Background Thread 1 ] DEBUG AssetLoader          - Loading from disk: /assets/textures/player.png
15:33:10.104 [FXGL Background Thread 1 ] DEBUG AssetLoader          - Loading from cache: /assets/textures/player.png
15:33:10.107 [FXGL Background Thread 1 ] DEBUG AssetLoader          - Loading from disk: /assets/textures/matt.png
15:33:10.107 [FXGL Background Thread 1 ] DEBUG AssetLoader          - Loading from cache: /assets/textures/matt.png
15:33:10.110 [FXGL Background Thread 1 ] DEBUG AssetLoader          - Loading from disk: /assets/textures/john.png
15:33:10.110 [FXGL Background Thread 1 ] DEBUG AssetLoader          - Loading from cache: /assets/textures/john.png
15:33:10.111 [FXGL Background Thread 1 ] DEBUG InitAppTask          - Initializing Physics
15:33:10.114 [FXGL Background Thread 1 ] DEBUG InitAppTask          - Initializing UI
15:33:10.115 [FXGL Background Thread 1 ] DEBUG InitAppTask          - Initialization Complete
15:33:10.116 [FXGL Background Thread 1 ] INFO  InitAppTask          - Game initialization took: 0,655 sec
15:33:10.119 [JavaFX Application Thread] DEBUG Input                - Clearing active input actions
15:33:10.119 [JavaFX Application Thread] DEBUG AppStateMachine      - LoadingState -> PlayState
15:33:22.185 [JavaFX Application Thread] DEBUG AssetLoader          - Loading from disk: /assets/properties/languages/english.properties
15:33:22.187 [JavaFX Application Thread] DEBUG AppStateMachine      - Push state: DialogSubState
15:33:22.187 [JavaFX Application Thread] DEBUG Input                - Clearing active input actions
15:33:22.187 [JavaFX Application Thread] DEBUG AppStateMachine      - PlayState -> DialogSubState
15:33:23.496 [JavaFX Application Thread] DEBUG AppStateMachine      - Pop state: DialogSubState
15:33:23.496 [JavaFX Application Thread] DEBUG Input                - Clearing active input actions
15:33:23.496 [JavaFX Application Thread] DEBUG AppStateMachine      - PlayState <- DialogSubState
15:33:23.497 [JavaFX Application Thread] DEBUG AssetLoader          - Loading from disk: /assets/json/BasicGame2.json
15:33:23.504 [JavaFX Application Thread] DEBUG FXGL.GameWorld       - Clearing removable entities
15:33:23.508 [JavaFX Application Thread] DEBUG FXGL.GameWorld       - Setting level from map
15:33:23.509 [JavaFX Application Thread] DEBUG AssetLoader          - Loading from cache: /assets/textures/RPGpack_sheet_2X.png
15:33:23.510 [JavaFX Application Thread] DEBUG AssetLoader          - Loading from cache: /assets/textures/RPGpack_sheet_2X.png
15:33:23.510 [JavaFX Application Thread] DEBUG AssetLoader          - Loading from cache: /assets/textures/RPGpack_sheet_2X.png
15:33:23.510 [JavaFX Application Thread] DEBUG AssetLoader          - Loading from cache: /assets/textures/RPGpack_sheet_2X.png
15:33:23.510 [JavaFX Application Thread] DEBUG AssetLoader          - Loading from cache: /assets/textures/RPGpack_sheet_2X.png
15:33:23.510 [JavaFX Application Thread] DEBUG AssetLoader          - Loading from cache: /assets/textures/RPGpack_sheet_2X.png
15:33:23.511 [JavaFX Application Thread] DEBUG AssetLoader          - Loading from cache: /assets/textures/RPGpack_sheet_2X.png
15:33:23.511 [JavaFX Application Thread] DEBUG AssetLoader          - Loading from cache: /assets/textures/RPGpack_sheet_2X.png
15:33:23.511 [JavaFX Application Thread] DEBUG AssetLoader          - Loading from cache: /assets/textures/RPGpack_sheet_2X.png
15:33:23.511 [JavaFX Application Thread] DEBUG AssetLoader          - Loading from cache: /assets/textures/RPGpack_sheet_2X.png
15:33:23.511 [JavaFX Application Thread] DEBUG AssetLoader          - Loading from cache: /assets/textures/RPGpack_sheet_2X.png
15:33:23.511 [JavaFX Application Thread] DEBUG AssetLoader          - Loading from cache: /assets/textures/RPGpack_sheet_2X.png
15:33:23.511 [JavaFX Application Thread] DEBUG AssetLoader          - Loading from cache: /assets/textures/RPGpack_sheet_2X.png
15:33:23.511 [JavaFX Application Thread] DEBUG AssetLoader          - Loading from cache: /assets/textures/RPGpack_sheet_2X.png
15:33:23.512 [JavaFX Application Thread] DEBUG AssetLoader          - Loading from cache: /assets/textures/RPGpack_sheet_2X.png
15:33:23.512 [JavaFX Application Thread] DEBUG AssetLoader          - Loading from cache: /assets/textures/RPGpack_sheet_2X.png
15:33:23.512 [JavaFX Application Thread] DEBUG AssetLoader          - Loading from cache: /assets/textures/RPGpack_sheet_2X.png
15:33:23.512 [JavaFX Application Thread] DEBUG AssetLoader          - Loading from cache: /assets/textures/RPGpack_sheet_2X.png
15:33:23.512 [JavaFX Application Thread] DEBUG AssetLoader          - Loading from cache: /assets/textures/RPGpack_sheet_2X.png
15:33:23.512 [JavaFX Application Thread] DEBUG AssetLoader          - Loading from cache: /assets/textures/RPGpack_sheet_2X.png
15:33:23.512 [JavaFX Application Thread] DEBUG AssetLoader          - Loading from cache: /assets/textures/RPGpack_sheet_2X.png
15:33:23.512 [JavaFX Application Thread] DEBUG AssetLoader          - Loading from cache: /assets/textures/RPGpack_sheet_2X.png
15:33:23.512 [JavaFX Application Thread] DEBUG AssetLoader          - Loading from cache: /assets/textures/RPGpack_sheet_2X.png
15:33:23.513 [JavaFX Application Thread] DEBUG AssetLoader          - Loading from cache: /assets/textures/RPGpack_sheet_2X.png
15:33:23.513 [JavaFX Application Thread] DEBUG AssetLoader          - Loading from cache: /assets/textures/RPGpack_sheet_2X.png
15:33:23.513 [JavaFX Application Thread] DEBUG AssetLoader          - Loading from cache: /assets/textures/RPGpack_sheet_2X.png
15:33:23.513 [JavaFX Application Thread] DEBUG AssetLoader          - Loading from cache: /assets/textures/RPGpack_sheet_2X.png
15:33:23.513 [JavaFX Application Thread] DEBUG AssetLoader          - Loading from cache: /assets/textures/RPGpack_sheet_2X.png
15:33:23.513 [JavaFX Application Thread] DEBUG AssetLoader          - Loading from cache: /assets/textures/RPGpack_sheet_2X.png
15:33:23.513 [JavaFX Application Thread] DEBUG AssetLoader          - Loading from cache: /assets/textures/RPGpack_sheet_2X.png
15:33:23.513 [JavaFX Application Thread] DEBUG AssetLoader          - Loading from cache: /assets/textures/RPGpack_sheet_2X.png
15:33:23.513 [JavaFX Application Thread] DEBUG AssetLoader          - Loading from cache: /assets/textures/RPGpack_sheet_2X.png
15:33:23.514 [JavaFX Application Thread] DEBUG AssetLoader          - Loading from cache: /assets/textures/RPGpack_sheet_2X.png
15:33:23.514 [JavaFX Application Thread] DEBUG AssetLoader          - Loading from cache: /assets/textures/RPGpack_sheet_2X.png
15:33:23.514 [JavaFX Application Thread] DEBUG AssetLoader          - Loading from cache: /assets/textures/RPGpack_sheet_2X.png
15:33:23.514 [JavaFX Application Thread] DEBUG AssetLoader          - Loading from cache: /assets/textures/RPGpack_sheet_2X.png
15:33:23.514 [JavaFX Application Thread] DEBUG AssetLoader          - Loading from cache: /assets/textures/RPGpack_sheet_2X.png
15:33:23.514 [JavaFX Application Thread] DEBUG AssetLoader          - Loading from cache: /assets/textures/RPGpack_sheet_2X.png
15:33:23.514 [JavaFX Application Thread] DEBUG AssetLoader          - Loading from cache: /assets/textures/RPGpack_sheet_2X.png
15:33:23.515 [JavaFX Application Thread] DEBUG AssetLoader          - Loading from cache: /assets/textures/RPGpack_sheet_2X.png
15:33:23.515 [JavaFX Application Thread] DEBUG AssetLoader          - Loading from cache: /assets/textures/RPGpack_sheet_2X.png
15:33:23.515 [JavaFX Application Thread] DEBUG AssetLoader          - Loading from cache: /assets/textures/RPGpack_sheet_2X.png
15:33:23.515 [JavaFX Application Thread] DEBUG AssetLoader          - Loading from cache: /assets/textures/RPGpack_sheet_2X.png
15:33:23.515 [JavaFX Application Thread] DEBUG AssetLoader          - Loading from cache: /assets/textures/RPGpack_sheet_2X.png
15:33:23.515 [JavaFX Application Thread] DEBUG AssetLoader          - Loading from cache: /assets/textures/RPGpack_sheet_2X.png
15:33:23.515 [JavaFX Application Thread] DEBUG AssetLoader          - Loading from cache: /assets/textures/RPGpack_sheet_2X.png
15:33:23.515 [JavaFX Application Thread] DEBUG AssetLoader          - Loading from cache: /assets/textures/RPGpack_sheet_2X.png
15:33:23.516 [JavaFX Application Thread] DEBUG AssetLoader          - Loading from cache: /assets/textures/RPGpack_sheet_2X.png
15:33:23.516 [JavaFX Application Thread] DEBUG AssetLoader          - Loading from cache: /assets/textures/RPGpack_sheet_2X.png
15:33:23.516 [JavaFX Application Thread] DEBUG AssetLoader          - Loading from cache: /assets/textures/RPGpack_sheet_2X.png
15:33:23.516 [JavaFX Application Thread] DEBUG AssetLoader          - Loading from cache: /assets/textures/RPGpack_sheet_2X.png
15:33:23.516 [JavaFX Application Thread] DEBUG AssetLoader          - Loading from cache: /assets/textures/RPGpack_sheet_2X.png
15:33:23.516 [JavaFX Application Thread] DEBUG AssetLoader          - Loading from cache: /assets/textures/RPGpack_sheet_2X.png
15:33:23.516 [JavaFX Application Thread] DEBUG AssetLoader          - Loading from cache: /assets/textures/RPGpack_sheet_2X.png
15:33:23.526 [JavaFX Application Thread] DEBUG AssetLoader          - Loading from cache: /assets/textures/matt.png
15:33:23.526 [JavaFX Application Thread] DEBUG AssetLoader          - Loading from cache: /assets/textures/matt.png
15:33:23.528 [JavaFX Application Thread] DEBUG AssetLoader          - Loading from cache: /assets/textures/matt.png
15:33:23.529 [JavaFX Application Thread] DEBUG AssetLoader          - Loading from cache: /assets/textures/matt.png
15:33:27.845 [JavaFX Application Thread] DEBUG AssetLoader          - Loading from cache: /assets/properties/languages/english.properties
15:33:27.847 [JavaFX Application Thread] DEBUG AppStateMachine      - Push state: DialogSubState
15:33:27.847 [JavaFX Application Thread] DEBUG Input                - Clearing active input actions
15:33:27.848 [JavaFX Application Thread] DEBUG AppStateMachine      - PlayState -> DialogSubState
15:33:29.239 [JavaFX Application Thread] DEBUG AppStateMachine      - Pop state: DialogSubState
15:33:29.239 [JavaFX Application Thread] DEBUG Input                - Clearing active input actions
15:33:29.239 [JavaFX Application Thread] DEBUG AppStateMachine      - PlayState <- DialogSubState
15:33:39.700 [JavaFX Application Thread] DEBUG AssetLoader          - Loading from cache: /assets/properties/languages/english.properties
15:33:39.701 [JavaFX Application Thread] DEBUG AppStateMachine      - Push state: DialogSubState
15:33:39.701 [JavaFX Application Thread] DEBUG Input                - Clearing active input actions
15:33:39.701 [JavaFX Application Thread] DEBUG AppStateMachine      - PlayState -> DialogSubState
15:33:40.245 [JavaFX Application Thread] DEBUG AppStateMachine      - Pop state: DialogSubState
15:33:40.245 [JavaFX Application Thread] DEBUG Input                - Clearing active input actions
15:33:40.245 [JavaFX Application Thread] DEBUG AppStateMachine      - PlayState <- DialogSubState
15:33:40.245 [JavaFX Application Thread] DEBUG AssetLoader          - Loading from disk: /assets/json/BasicGame3.json
15:33:40.248 [JavaFX Application Thread] DEBUG FXGL.GameWorld       - Clearing removable entities
15:33:40.250 [JavaFX Application Thread] DEBUG FXGL.GameWorld       - Setting level from map
15:33:40.251 [JavaFX Application Thread] DEBUG AssetLoader          - Loading from cache: /assets/textures/RPGpack_sheet_2X.png
15:33:40.251 [JavaFX Application Thread] DEBUG AssetLoader          - Loading from cache: /assets/textures/RPGpack_sheet_2X.png
15:33:40.251 [JavaFX Application Thread] DEBUG AssetLoader          - Loading from cache: /assets/textures/RPGpack_sheet_2X.png
15:33:40.251 [JavaFX Application Thread] DEBUG AssetLoader          - Loading from cache: /assets/textures/RPGpack_sheet_2X.png
15:33:40.252 [JavaFX Application Thread] DEBUG AssetLoader          - Loading from cache: /assets/textures/RPGpack_sheet_2X.png
15:33:40.252 [JavaFX Application Thread] DEBUG AssetLoader          - Loading from cache: /assets/textures/RPGpack_sheet_2X.png
15:33:40.252 [JavaFX Application Thread] DEBUG AssetLoader          - Loading from cache: /assets/textures/RPGpack_sheet_2X.png
15:33:40.252 [JavaFX Application Thread] DEBUG AssetLoader          - Loading from cache: /assets/textures/RPGpack_sheet_2X.png
15:33:40.252 [JavaFX Application Thread] DEBUG AssetLoader          - Loading from cache: /assets/textures/RPGpack_sheet_2X.png
15:33:40.252 [JavaFX Application Thread] DEBUG AssetLoader          - Loading from cache: /assets/textures/RPGpack_sheet_2X.png
15:33:40.252 [JavaFX Application Thread] DEBUG AssetLoader          - Loading from cache: /assets/textures/RPGpack_sheet_2X.png
15:33:40.252 [JavaFX Application Thread] DEBUG AssetLoader          - Loading from cache: /assets/textures/RPGpack_sheet_2X.png
15:33:40.253 [JavaFX Application Thread] DEBUG AssetLoader          - Loading from cache: /assets/textures/RPGpack_sheet_2X.png
15:33:40.253 [JavaFX Application Thread] DEBUG AssetLoader          - Loading from cache: /assets/textures/RPGpack_sheet_2X.png
15:33:40.253 [JavaFX Application Thread] DEBUG AssetLoader          - Loading from cache: /assets/textures/RPGpack_sheet_2X.png
15:33:40.253 [JavaFX Application Thread] DEBUG AssetLoader          - Loading from cache: /assets/textures/RPGpack_sheet_2X.png
15:33:40.253 [JavaFX Application Thread] DEBUG AssetLoader          - Loading from cache: /assets/textures/RPGpack_sheet_2X.png
15:33:40.253 [JavaFX Application Thread] DEBUG AssetLoader          - Loading from cache: /assets/textures/RPGpack_sheet_2X.png
15:33:40.253 [JavaFX Application Thread] DEBUG AssetLoader          - Loading from cache: /assets/textures/RPGpack_sheet_2X.png
15:33:40.254 [JavaFX Application Thread] DEBUG AssetLoader          - Loading from cache: /assets/textures/RPGpack_sheet_2X.png
15:33:40.254 [JavaFX Application Thread] DEBUG AssetLoader          - Loading from cache: /assets/textures/RPGpack_sheet_2X.png
15:33:40.254 [JavaFX Application Thread] DEBUG AssetLoader          - Loading from cache: /assets/textures/RPGpack_sheet_2X.png
15:33:40.254 [JavaFX Application Thread] DEBUG AssetLoader          - Loading from cache: /assets/textures/RPGpack_sheet_2X.png
15:33:40.254 [JavaFX Application Thread] DEBUG AssetLoader          - Loading from cache: /assets/textures/RPGpack_sheet_2X.png
15:33:40.254 [JavaFX Application Thread] DEBUG AssetLoader          - Loading from cache: /assets/textures/RPGpack_sheet_2X.png
15:33:40.255 [JavaFX Application Thread] DEBUG AssetLoader          - Loading from cache: /assets/textures/RPGpack_sheet_2X.png
15:33:40.255 [JavaFX Application Thread] DEBUG AssetLoader          - Loading from cache: /assets/textures/RPGpack_sheet_2X.png
15:33:40.255 [JavaFX Application Thread] DEBUG AssetLoader          - Loading from cache: /assets/textures/RPGpack_sheet_2X.png
15:33:40.266 [JavaFX Application Thread] DEBUG AssetLoader          - Loading from cache: /assets/textures/matt.png
15:33:40.266 [JavaFX Application Thread] DEBUG AssetLoader          - Loading from cache: /assets/textures/matt.png
15:33:40.267 [JavaFX Application Thread] DEBUG AssetLoader          - Loading from cache: /assets/textures/john.png
15:33:40.267 [JavaFX Application Thread] DEBUG AssetLoader          - Loading from cache: /assets/textures/john.png
15:33:40.268 [JavaFX Application Thread] DEBUG AssetLoader          - Loading from cache: /assets/textures/matt.png
15:33:40.268 [JavaFX Application Thread] DEBUG AssetLoader          - Loading from cache: /assets/textures/matt.png
15:33:40.270 [JavaFX Application Thread] DEBUG AssetLoader          - Loading from cache: /assets/textures/john.png
15:33:40.270 [JavaFX Application Thread] DEBUG AssetLoader          - Loading from cache: /assets/textures/john.png
15:33:44.658 [JavaFX Application Thread] DEBUG AssetLoader          - Loading from cache: /assets/properties/languages/english.properties
15:33:44.659 [JavaFX Application Thread] DEBUG AppStateMachine      - Push state: DialogSubState
15:33:44.660 [JavaFX Application Thread] DEBUG Input                - Clearing active input actions
15:33:44.660 [JavaFX Application Thread] DEBUG AppStateMachine      - PlayState -> DialogSubState
15:33:45.756 [JavaFX Application Thread] DEBUG AppStateMachine      - Pop state: DialogSubState
15:33:45.757 [JavaFX Application Thread] DEBUG Input                - Clearing active input actions
15:33:45.757 [JavaFX Application Thread] DEBUG AppStateMachine      - PlayState <- DialogSubState
15:35:02.651 [JavaFX Application Thread] DEBUG GameApplication      - Exiting game application
15:35:02.652 [JavaFX Application Thread] DEBUG GameApplication      - Shutting down background threads
15:35:02.652 [JavaFX Application Thread] DEBUG GameApplication      - Exiting FXGL
15:35:02.652 [JavaFX Application Thread] DEBUG FXGL                 - Saving FXGL system data
15:35:02.654 [JavaFX Application Thread] DEBUG IOTask               - Executing task: writeDataTask(system/fxgl.bundle)
15:35:02.656 [JavaFX Application Thread] DEBUG FS                   - Writing to: system\fxgl.bundle
15:35:02.661 [JavaFX Application Thread] DEBUG IOTask               - Task succeeded: writeDataTask(system/fxgl.bundle)
15:35:02.661 [JavaFX Application Thread] DEBUG GameApplication      - Closing logger and exiting JavaFX
